{"/Users/chriskang/Documents/03_Project/gemini_slop/dog_walker/src/types.ts": {"path":"/Users/chriskang/Documents/03_Project/gemini_slop/dog_walker/src/types.ts","statementMap":{"0":{"start":{"line":22,"column":25},"end":{"line":27,"column":null}},"1":{"start":{"line":30,"column":24},"end":{"line":37,"column":null}},"2":{"start":{"line":40,"column":25},"end":{"line":46,"column":null}},"3":{"start":{"line":49,"column":29},"end":{"line":55,"column":null}},"4":{"start":{"line":58,"column":33},"end":{"line":65,"column":null}},"5":{"start":{"line":68,"column":23},"end":{"line":72,"column":null}},"6":{"start":{"line":75,"column":20},"end":{"line":79,"column":null}},"7":{"start":{"line":82,"column":29},"end":{"line":89,"column":null}},"8":{"start":{"line":92,"column":71},"end":{"line":99,"column":null}}},"fnMap":{},"branchMap":{},"s":{"0":12,"1":12,"2":12,"3":12,"4":12,"5":12,"6":12,"7":12,"8":12},"f":{},"b":{},"meta":{"lastBranch":0,"lastFunction":0,"lastStatement":9,"seen":{"s:22:25:27:Infinity":0,"s:30:24:37:Infinity":1,"s:40:25:46:Infinity":2,"s:49:29:55:Infinity":3,"s:58:33:65:Infinity":4,"s:68:23:72:Infinity":5,"s:75:20:79:Infinity":6,"s:82:29:89:Infinity":7,"s:92:71:99:Infinity":8}}}
,"/Users/chriskang/Documents/03_Project/gemini_slop/dog_walker/src/components/ui/HUD.tsx": {"path":"/Users/chriskang/Documents/03_Project/gemini_slop/dog_walker/src/components/ui/HUD.tsx","statementMap":{"0":{"start":{"line":12,"column":23},"end":{"line":72,"column":null}},"1":{"start":{"line":13,"column":45},"end":{"line":13,"column":null}},"2":{"start":{"line":14,"column":22},"end":{"line":14,"column":null}},"3":{"start":{"line":16,"column":2},"end":{"line":24,"column":null}},"4":{"start":{"line":18,"column":20},"end":{"line":21,"column":null}},"5":{"start":{"line":19,"column":6},"end":{"line":19,"column":null}},"6":{"start":{"line":20,"column":6},"end":{"line":20,"column":null}},"7":{"start":{"line":22,"column":4},"end":{"line":22,"column":null}},"8":{"start":{"line":23,"column":4},"end":{"line":23,"column":null}},"9":{"start":{"line":23,"column":17},"end":{"line":23,"column":null}},"10":{"start":{"line":27,"column":21},"end":{"line":27,"column":null}},"11":{"start":{"line":28,"column":21},"end":{"line":28,"column":null}},"12":{"start":{"line":31,"column":25},"end":{"line":31,"column":null}},"13":{"start":{"line":33,"column":2},"end":{"line":70,"column":null}},"14":{"start":{"line":53,"column":25},"end":{"line":53,"column":null}},"15":{"start":{"line":54,"column":24},"end":{"line":54,"column":null}},"16":{"start":{"line":55,"column":14},"end":{"line":55,"column":null}},"17":{"start":{"line":62,"column":25},"end":{"line":62,"column":null}},"18":{"start":{"line":63,"column":24},"end":{"line":63,"column":null}},"19":{"start":{"line":64,"column":14},"end":{"line":64,"column":null}},"20":{"start":{"line":74,"column":19},"end":{"line":223,"column":null}},"21":{"start":{"line":78,"column":2},"end":{"line":78,"column":null}},"22":{"start":{"line":79,"column":72},"end":{"line":79,"column":null}},"23":{"start":{"line":81,"column":24},"end":{"line":81,"column":null}},"24":{"start":{"line":83,"column":29},"end":{"line":93,"column":null}},"25":{"start":{"line":84,"column":4},"end":{"line":84,"column":null}},"26":{"start":{"line":84,"column":54},"end":{"line":84,"column":null}},"27":{"start":{"line":86,"column":4},"end":{"line":91,"column":null}},"28":{"start":{"line":95,"column":29},"end":{"line":211,"column":null}},"29":{"start":{"line":96,"column":4},"end":{"line":96,"column":null}},"30":{"start":{"line":96,"column":97},"end":{"line":96,"column":null}},"31":{"start":{"line":97,"column":23},"end":{"line":97,"column":null}},"32":{"start":{"line":99,"column":4},"end":{"line":209,"column":null}},"33":{"start":{"line":138,"column":14},"end":{"line":138,"column":null}},"34":{"start":{"line":139,"column":14},"end":{"line":139,"column":null}},"35":{"start":{"line":213,"column":2},"end":{"line":221,"column":null}}},"fnMap":{"0":{"name":"(anonymous_0)","decl":{"start":{"line":12,"column":23},"end":{"line":12,"column":29}},"loc":{"start":{"line":12,"column":29},"end":{"line":72,"column":null}},"line":12},"1":{"name":"(anonymous_1)","decl":{"start":{"line":16,"column":12},"end":{"line":16,"column":18}},"loc":{"start":{"line":16,"column":18},"end":{"line":24,"column":5}},"line":16},"2":{"name":"(anonymous_2)","decl":{"start":{"line":18,"column":20},"end":{"line":18,"column":21}},"loc":{"start":{"line":18,"column":35},"end":{"line":21,"column":null}},"line":18},"3":{"name":"(anonymous_3)","decl":{"start":{"line":23,"column":11},"end":{"line":23,"column":17}},"loc":{"start":{"line":23,"column":17},"end":{"line":23,"column":null}},"line":23},"4":{"name":"(anonymous_4)","decl":{"start":{"line":52,"column":56},"end":{"line":52,"column":57}},"loc":{"start":{"line":52,"column":66},"end":{"line":56,"column":13}},"line":52},"5":{"name":"(anonymous_5)","decl":{"start":{"line":61,"column":56},"end":{"line":61,"column":57}},"loc":{"start":{"line":61,"column":66},"end":{"line":65,"column":13}},"line":61},"6":{"name":"(anonymous_6)","decl":{"start":{"line":74,"column":19},"end":{"line":74,"column":20}},"loc":{"start":{"line":74,"column":63},"end":{"line":223,"column":null}},"line":74},"7":{"name":"(anonymous_7)","decl":{"start":{"line":83,"column":29},"end":{"line":83,"column":35}},"loc":{"start":{"line":83,"column":35},"end":{"line":93,"column":null}},"line":83},"8":{"name":"(anonymous_8)","decl":{"start":{"line":95,"column":29},"end":{"line":95,"column":35}},"loc":{"start":{"line":95,"column":35},"end":{"line":211,"column":null}},"line":95},"9":{"name":"(anonymous_9)","decl":{"start":{"line":137,"column":21},"end":{"line":137,"column":27}},"loc":{"start":{"line":137,"column":27},"end":{"line":140,"column":null}},"line":137}},"branchMap":{"0":{"loc":{"start":{"line":27,"column":26},"end":{"line":27,"column":null}},"type":"cond-expr","locations":[{"start":{"line":27,"column":44},"end":{"line":27,"column":48}},{"start":{"line":27,"column":48},"end":{"line":27,"column":null}}],"line":27},"1":{"loc":{"start":{"line":31,"column":25},"end":{"line":31,"column":null}},"type":"binary-expr","locations":[{"start":{"line":31,"column":25},"end":{"line":31,"column":42}},{"start":{"line":31,"column":42},"end":{"line":31,"column":null}}],"line":31},"2":{"loc":{"start":{"line":37,"column":49},"end":{"line":37,"column":84}},"type":"cond-expr","locations":[{"start":{"line":37,"column":66},"end":{"line":37,"column":78}},{"start":{"line":37,"column":78},"end":{"line":37,"column":84}}],"line":37},"3":{"loc":{"start":{"line":39,"column":34},"end":{"line":39,"column":null}},"type":"cond-expr","locations":[{"start":{"line":39,"column":51},"end":{"line":39,"column":84}},{"start":{"line":39,"column":84},"end":{"line":39,"column":null}}],"line":39},"4":{"loc":{"start":{"line":44,"column":30},"end":{"line":44,"column":66}},"type":"cond-expr","locations":[{"start":{"line":44,"column":47},"end":{"line":44,"column":59}},{"start":{"line":44,"column":59},"end":{"line":44,"column":66}}],"line":44},"5":{"loc":{"start":{"line":44,"column":70},"end":{"line":44,"column":128}},"type":"cond-expr","locations":[{"start":{"line":44,"column":87},"end":{"line":44,"column":115}},{"start":{"line":44,"column":115},"end":{"line":44,"column":128}}],"line":44},"6":{"loc":{"start":{"line":66,"column":32},"end":{"line":66,"column":72}},"type":"cond-expr","locations":[{"start":{"line":66,"column":49},"end":{"line":66,"column":61}},{"start":{"line":66,"column":61},"end":{"line":66,"column":72}}],"line":66},"7":{"loc":{"start":{"line":84,"column":4},"end":{"line":84,"column":null}},"type":"if","locations":[{"start":{"line":84,"column":4},"end":{"line":84,"column":null}},{"start":{},"end":{}}],"line":84},"8":{"loc":{"start":{"line":84,"column":8},"end":{"line":84,"column":54}},"type":"binary-expr","locations":[{"start":{"line":84,"column":8},"end":{"line":84,"column":40}},{"start":{"line":84,"column":40},"end":{"line":84,"column":54}}],"line":84},"9":{"loc":{"start":{"line":88,"column":9},"end":{"line":88,"column":null}},"type":"binary-expr","locations":[{"start":{"line":88,"column":9},"end":{"line":88,"column":43}},{"start":{"line":88,"column":43},"end":{"line":88,"column":null}}],"line":88},"10":{"loc":{"start":{"line":89,"column":9},"end":{"line":89,"column":null}},"type":"binary-expr","locations":[{"start":{"line":89,"column":9},"end":{"line":89,"column":44}},{"start":{"line":89,"column":44},"end":{"line":89,"column":null}}],"line":89},"11":{"loc":{"start":{"line":90,"column":9},"end":{"line":90,"column":null}},"type":"binary-expr","locations":[{"start":{"line":90,"column":9},"end":{"line":90,"column":45}},{"start":{"line":90,"column":45},"end":{"line":90,"column":null}}],"line":90},"12":{"loc":{"start":{"line":96,"column":4},"end":{"line":96,"column":null}},"type":"if","locations":[{"start":{"line":96,"column":4},"end":{"line":96,"column":null}},{"start":{},"end":{}}],"line":96},"13":{"loc":{"start":{"line":102,"column":9},"end":{"line":131,"column":null}},"type":"binary-expr","locations":[{"start":{"line":102,"column":9},"end":{"line":102,"column":null}},{"start":{"line":103,"column":10},"end":{"line":131,"column":null}}],"line":102},"14":{"loc":{"start":{"line":135,"column":9},"end":{"line":162,"column":null}},"type":"binary-expr","locations":[{"start":{"line":135,"column":9},"end":{"line":135,"column":null}},{"start":{"line":136,"column":10},"end":{"line":162,"column":null}}],"line":135},"15":{"loc":{"start":{"line":166,"column":9},"end":{"line":179,"column":null}},"type":"binary-expr","locations":[{"start":{"line":166,"column":9},"end":{"line":166,"column":null}},{"start":{"line":167,"column":10},"end":{"line":179,"column":null}}],"line":166},"16":{"loc":{"start":{"line":170,"column":44},"end":{"line":170,"column":67}},"type":"cond-expr","locations":[{"start":{"line":170,"column":60},"end":{"line":170,"column":64}},{"start":{"line":170,"column":64},"end":{"line":170,"column":67}}],"line":170},"17":{"loc":{"start":{"line":172,"column":85},"end":{"line":172,"column":124}},"type":"cond-expr","locations":[{"start":{"line":172,"column":101},"end":{"line":172,"column":113}},{"start":{"line":172,"column":113},"end":{"line":172,"column":124}}],"line":172},"18":{"loc":{"start":{"line":173,"column":17},"end":{"line":173,"column":null}},"type":"cond-expr","locations":[{"start":{"line":173,"column":33},"end":{"line":173,"column":54}},{"start":{"line":173,"column":54},"end":{"line":173,"column":null}}],"line":173},"19":{"loc":{"start":{"line":183,"column":9},"end":{"line":193,"column":null}},"type":"binary-expr","locations":[{"start":{"line":183,"column":9},"end":{"line":183,"column":null}},{"start":{"line":184,"column":10},"end":{"line":193,"column":null}}],"line":183},"20":{"loc":{"start":{"line":193,"column":10},"end":{"line":207,"column":null}},"type":"binary-expr","locations":[{"start":{"line":197,"column":11},"end":{"line":197,"column":46}},{"start":{"line":197,"column":46},"end":{"line":197,"column":84}},{"start":{"line":197,"column":84},"end":{"line":197,"column":116}},{"start":{"line":197,"column":116},"end":{"line":197,"column":null}},{"start":{"line":198,"column":10},"end":{"line":207,"column":null}}],"line":193},"21":{"loc":{"start":{"line":220,"column":7},"end":{"line":220,"column":null}},"type":"binary-expr","locations":[{"start":{"line":220,"column":7},"end":{"line":220,"column":43}},{"start":{"line":220,"column":43},"end":{"line":220,"column":null}}],"line":220}},"s":{"0":1,"1":2,"2":2,"3":2,"4":2,"5":0,"6":0,"7":2,"8":2,"9":2,"10":2,"11":2,"12":2,"13":2,"14":60,"15":60,"16":60,"17":60,"18":60,"19":60,"20":1,"21":8,"22":8,"23":8,"24":8,"25":8,"26":5,"27":3,"28":8,"29":8,"30":0,"31":8,"32":8,"33":1,"34":1,"35":8},"f":{"0":2,"1":2,"2":0,"3":2,"4":60,"5":60,"6":8,"7":8,"8":8,"9":1},"b":{"0":[0,2],"1":[2,0],"2":[0,2],"3":[0,2],"4":[0,2],"5":[0,2],"6":[0,2],"7":[5,3],"8":[8,6],"9":[3,0],"10":[8,0],"11":[8,3],"12":[0,8],"13":[8,4],"14":[8,2],"15":[8,2],"16":[0,2],"17":[0,2],"18":[0,2],"19":[8,4],"20":[8,6,6,6,4],"21":[8,0]},"meta":{"lastBranch":22,"lastFunction":10,"lastStatement":36,"seen":{"s:12:23:72:Infinity":0,"f:12:23:12:29":0,"s:13:45:13:Infinity":1,"s:14:22:14:Infinity":2,"s:16:2:24:Infinity":3,"f:16:12:16:18":1,"s:18:20:21:Infinity":4,"f:18:20:18:21":2,"s:19:6:19:Infinity":5,"s:20:6:20:Infinity":6,"s:22:4:22:Infinity":7,"s:23:4:23:Infinity":8,"f:23:11:23:17":3,"s:23:17:23:Infinity":9,"s:27:21:27:Infinity":10,"b:27:44:27:48:27:48:27:Infinity":0,"s:28:21:28:Infinity":11,"s:31:25:31:Infinity":12,"b:31:25:31:42:31:42:31:Infinity":1,"s:33:2:70:Infinity":13,"b:37:66:37:78:37:78:37:84":2,"b:39:51:39:84:39:84:39:Infinity":3,"b:44:47:44:59:44:59:44:66":4,"b:44:87:44:115:44:115:44:128":5,"f:52:56:52:57":4,"s:53:25:53:Infinity":14,"s:54:24:54:Infinity":15,"s:55:14:55:Infinity":16,"f:61:56:61:57":5,"s:62:25:62:Infinity":17,"s:63:24:63:Infinity":18,"s:64:14:64:Infinity":19,"b:66:49:66:61:66:61:66:72":6,"s:74:19:223:Infinity":20,"f:74:19:74:20":6,"s:78:2:78:Infinity":21,"s:79:72:79:Infinity":22,"s:81:24:81:Infinity":23,"s:83:29:93:Infinity":24,"f:83:29:83:35":7,"b:84:4:84:Infinity:undefined:undefined:undefined:undefined":7,"s:84:4:84:Infinity":25,"b:84:8:84:40:84:40:84:54":8,"s:84:54:84:Infinity":26,"s:86:4:91:Infinity":27,"b:88:9:88:43:88:43:88:Infinity":9,"b:89:9:89:44:89:44:89:Infinity":10,"b:90:9:90:45:90:45:90:Infinity":11,"s:95:29:211:Infinity":28,"f:95:29:95:35":8,"b:96:4:96:Infinity:undefined:undefined:undefined:undefined":12,"s:96:4:96:Infinity":29,"s:96:97:96:Infinity":30,"s:97:23:97:Infinity":31,"s:99:4:209:Infinity":32,"b:102:9:102:Infinity:103:10:131:Infinity":13,"b:135:9:135:Infinity:136:10:162:Infinity":14,"f:137:21:137:27":9,"s:138:14:138:Infinity":33,"s:139:14:139:Infinity":34,"b:166:9:166:Infinity:167:10:179:Infinity":15,"b:170:60:170:64:170:64:170:67":16,"b:172:101:172:113:172:113:172:124":17,"b:173:33:173:54:173:54:173:Infinity":18,"b:183:9:183:Infinity:184:10:193:Infinity":19,"b:197:11:197:46:197:46:197:84:197:84:197:116:197:116:197:Infinity:198:10:207:Infinity":20,"s:213:2:221:Infinity":35,"b:220:7:220:43:220:43:220:Infinity":21}}}
,"/Users/chriskang/Documents/03_Project/gemini_slop/dog_walker/src/components/ui/MenuOverlays.tsx": {"path":"/Users/chriskang/Documents/03_Project/gemini_slop/dog_walker/src/components/ui/MenuOverlays.tsx","statementMap":{"0":{"start":{"line":5,"column":25},"end":{"line":23,"column":null}},"1":{"start":{"line":6,"column":2},"end":{"line":23,"column":null}},"2":{"start":{"line":26,"column":29},"end":{"line":116,"column":null}},"3":{"start":{"line":27,"column":46},"end":{"line":27,"column":null}},"4":{"start":{"line":28,"column":2},"end":{"line":114,"column":null}},"5":{"start":{"line":100,"column":23},"end":{"line":100,"column":null}},"6":{"start":{"line":118,"column":30},"end":{"line":174,"column":null}},"7":{"start":{"line":119,"column":59},"end":{"line":119,"column":null}},"8":{"start":{"line":120,"column":38},"end":{"line":120,"column":null}},"9":{"start":{"line":122,"column":22},"end":{"line":130,"column":null}},"10":{"start":{"line":123,"column":4},"end":{"line":129,"column":null}},"11":{"start":{"line":124,"column":6},"end":{"line":124,"column":null}},"12":{"start":{"line":125,"column":6},"end":{"line":125,"column":null}},"13":{"start":{"line":126,"column":6},"end":{"line":126,"column":null}},"14":{"start":{"line":128,"column":6},"end":{"line":128,"column":null}},"15":{"start":{"line":132,"column":2},"end":{"line":172,"column":null}},"16":{"start":{"line":133,"column":52},"end":{"line":133,"column":null}},"17":{"start":{"line":160,"column":29},"end":{"line":160,"column":null}}},"fnMap":{"0":{"name":"(anonymous_0)","decl":{"start":{"line":5,"column":25},"end":{"line":5,"column":26}},"loc":{"start":{"line":6,"column":2},"end":{"line":23,"column":null}},"line":6},"1":{"name":"(anonymous_1)","decl":{"start":{"line":26,"column":29},"end":{"line":26,"column":35}},"loc":{"start":{"line":26,"column":35},"end":{"line":116,"column":null}},"line":26},"2":{"name":"(anonymous_2)","decl":{"start":{"line":100,"column":17},"end":{"line":100,"column":23}},"loc":{"start":{"line":100,"column":23},"end":{"line":100,"column":null}},"line":100},"3":{"name":"(anonymous_3)","decl":{"start":{"line":118,"column":30},"end":{"line":118,"column":36}},"loc":{"start":{"line":118,"column":36},"end":{"line":174,"column":null}},"line":118},"4":{"name":"(anonymous_4)","decl":{"start":{"line":122,"column":22},"end":{"line":122,"column":28}},"loc":{"start":{"line":122,"column":28},"end":{"line":130,"column":null}},"line":122},"5":{"name":"(anonymous_5)","decl":{"start":{"line":133,"column":46},"end":{"line":133,"column":52}},"loc":{"start":{"line":133,"column":52},"end":{"line":133,"column":null}},"line":133},"6":{"name":"(anonymous_6)","decl":{"start":{"line":160,"column":23},"end":{"line":160,"column":29}},"loc":{"start":{"line":160,"column":29},"end":{"line":160,"column":null}},"line":160}},"branchMap":{"0":{"loc":{"start":{"line":123,"column":4},"end":{"line":129,"column":null}},"type":"if","locations":[{"start":{"line":123,"column":4},"end":{"line":129,"column":null}},{"start":{"line":127,"column":11},"end":{"line":129,"column":null}}],"line":123},"1":{"loc":{"start":{"line":149,"column":26},"end":{"line":149,"column":null}},"type":"cond-expr","locations":[{"start":{"line":149,"column":41},"end":{"line":149,"column":53}},{"start":{"line":149,"column":53},"end":{"line":149,"column":null}}],"line":149},"2":{"loc":{"start":{"line":156,"column":13},"end":{"line":156,"column":null}},"type":"cond-expr","locations":[{"start":{"line":156,"column":28},"end":{"line":156,"column":60}},{"start":{"line":156,"column":60},"end":{"line":156,"column":null}}],"line":156},"3":{"loc":{"start":{"line":158,"column":11},"end":{"line":168,"column":null}},"type":"binary-expr","locations":[{"start":{"line":158,"column":11},"end":{"line":158,"column":null}},{"start":{"line":159,"column":12},"end":{"line":168,"column":null}}],"line":158}},"s":{"0":2,"1":8,"2":2,"3":2,"4":2,"5":1,"6":2,"7":8,"8":8,"9":8,"10":3,"11":1,"12":1,"13":1,"14":2,"15":8,"16":1,"17":1},"f":{"0":8,"1":2,"2":1,"3":8,"4":3,"5":1,"6":1},"b":{"0":[1,2],"1":[2,6],"2":[2,6],"3":[8,2]},"meta":{"lastBranch":4,"lastFunction":7,"lastStatement":18,"seen":{"s:5:25:23:Infinity":0,"f:5:25:5:26":0,"s:6:2:23:Infinity":1,"s:26:29:116:Infinity":2,"f:26:29:26:35":1,"s:27:46:27:Infinity":3,"s:28:2:114:Infinity":4,"f:100:17:100:23":2,"s:100:23:100:Infinity":5,"s:118:30:174:Infinity":6,"f:118:30:118:36":3,"s:119:59:119:Infinity":7,"s:120:38:120:Infinity":8,"s:122:22:130:Infinity":9,"f:122:22:122:28":4,"b:123:4:129:Infinity:127:11:129:Infinity":0,"s:123:4:129:Infinity":10,"s:124:6:124:Infinity":11,"s:125:6:125:Infinity":12,"s:126:6:126:Infinity":13,"s:128:6:128:Infinity":14,"s:132:2:172:Infinity":15,"f:133:46:133:52":5,"s:133:52:133:Infinity":16,"b:149:41:149:53:149:53:149:Infinity":1,"b:156:28:156:60:156:60:156:Infinity":2,"b:158:11:158:Infinity:159:12:168:Infinity":3,"f:160:23:160:29":6,"s:160:29:160:Infinity":17}}}
,"/Users/chriskang/Documents/03_Project/gemini_slop/dog_walker/src/components/ui/MissionSuccessOverlay.tsx": {"path":"/Users/chriskang/Documents/03_Project/gemini_slop/dog_walker/src/components/ui/MissionSuccessOverlay.tsx","statementMap":{"0":{"start":{"line":4,"column":37},"end":{"line":65,"column":null}},"1":{"start":{"line":5,"column":59},"end":{"line":5,"column":null}},"2":{"start":{"line":7,"column":2},"end":{"line":63,"column":null}},"3":{"start":{"line":54,"column":23},"end":{"line":54,"column":null}}},"fnMap":{"0":{"name":"(anonymous_0)","decl":{"start":{"line":4,"column":37},"end":{"line":4,"column":43}},"loc":{"start":{"line":4,"column":43},"end":{"line":65,"column":null}},"line":4},"1":{"name":"(anonymous_1)","decl":{"start":{"line":54,"column":17},"end":{"line":54,"column":23}},"loc":{"start":{"line":54,"column":23},"end":{"line":54,"column":null}},"line":54}},"branchMap":{"0":{"loc":{"start":{"line":38,"column":32},"end":{"line":38,"column":69}},"type":"cond-expr","locations":[{"start":{"line":38,"column":47},"end":{"line":38,"column":59}},{"start":{"line":38,"column":59},"end":{"line":38,"column":69}}],"line":38},"1":{"loc":{"start":{"line":39,"column":13},"end":{"line":39,"column":null}},"type":"cond-expr","locations":[{"start":{"line":39,"column":28},"end":{"line":39,"column":62}},{"start":{"line":39,"column":62},"end":{"line":39,"column":null}}],"line":39}},"s":{"0":1,"1":0,"2":0,"3":0},"f":{"0":0,"1":0},"b":{"0":[0,0],"1":[0,0]},"meta":{"lastBranch":2,"lastFunction":2,"lastStatement":4,"seen":{"s:4:37:65:Infinity":0,"f:4:37:4:43":0,"s:5:59:5:Infinity":1,"s:7:2:63:Infinity":2,"b:38:47:38:59:38:59:38:69":0,"b:39:28:39:62:39:62:39:Infinity":1,"f:54:17:54:23":1,"s:54:23:54:Infinity":3}}}
,"/Users/chriskang/Documents/03_Project/gemini_slop/dog_walker/src/components/ui/PawControls.tsx": {"path":"/Users/chriskang/Documents/03_Project/gemini_slop/dog_walker/src/components/ui/PawControls.tsx","statementMap":{"0":{"start":{"line":4,"column":27},"end":{"line":72,"column":null}},"1":{"start":{"line":5,"column":8},"end":{"line":5,"column":null}},"2":{"start":{"line":5,"column":43},"end":{"line":5,"column":57}},"3":{"start":{"line":6,"column":8},"end":{"line":6,"column":null}},"4":{"start":{"line":6,"column":46},"end":{"line":6,"column":63}},"5":{"start":{"line":7,"column":8},"end":{"line":7,"column":null}},"6":{"start":{"line":7,"column":50},"end":{"line":7,"column":71}},"7":{"start":{"line":8,"column":8},"end":{"line":8,"column":null}},"8":{"start":{"line":8,"column":53},"end":{"line":8,"column":77}},"9":{"start":{"line":9,"column":8},"end":{"line":9,"column":null}},"10":{"start":{"line":9,"column":42},"end":{"line":9,"column":55}},"11":{"start":{"line":11,"column":2},"end":{"line":70,"column":null}},"12":{"start":{"line":14,"column":23},"end":{"line":14,"column":null}},"13":{"start":{"line":27,"column":23},"end":{"line":27,"column":null}},"14":{"start":{"line":42,"column":23},"end":{"line":42,"column":null}}},"fnMap":{"0":{"name":"(anonymous_0)","decl":{"start":{"line":4,"column":27},"end":{"line":4,"column":28}},"loc":{"start":{"line":4,"column":71},"end":{"line":72,"column":null}},"line":4},"1":{"name":"(anonymous_1)","decl":{"start":{"line":5,"column":32},"end":{"line":5,"column":33}},"loc":{"start":{"line":5,"column":43},"end":{"line":5,"column":57}},"line":5},"2":{"name":"(anonymous_2)","decl":{"start":{"line":6,"column":35},"end":{"line":6,"column":36}},"loc":{"start":{"line":6,"column":46},"end":{"line":6,"column":63}},"line":6},"3":{"name":"(anonymous_3)","decl":{"start":{"line":7,"column":39},"end":{"line":7,"column":40}},"loc":{"start":{"line":7,"column":50},"end":{"line":7,"column":71}},"line":7},"4":{"name":"(anonymous_4)","decl":{"start":{"line":8,"column":42},"end":{"line":8,"column":43}},"loc":{"start":{"line":8,"column":53},"end":{"line":8,"column":77}},"line":8},"5":{"name":"(anonymous_5)","decl":{"start":{"line":9,"column":31},"end":{"line":9,"column":32}},"loc":{"start":{"line":9,"column":42},"end":{"line":9,"column":55}},"line":9},"6":{"name":"(anonymous_6)","decl":{"start":{"line":14,"column":17},"end":{"line":14,"column":23}},"loc":{"start":{"line":14,"column":23},"end":{"line":14,"column":null}},"line":14},"7":{"name":"(anonymous_7)","decl":{"start":{"line":27,"column":17},"end":{"line":27,"column":23}},"loc":{"start":{"line":27,"column":23},"end":{"line":27,"column":null}},"line":27},"8":{"name":"(anonymous_8)","decl":{"start":{"line":42,"column":17},"end":{"line":42,"column":23}},"loc":{"start":{"line":42,"column":23},"end":{"line":42,"column":null}},"line":42}},"branchMap":{"0":{"loc":{"start":{"line":17,"column":22},"end":{"line":17,"column":null}},"type":"cond-expr","locations":[{"start":{"line":17,"column":40},"end":{"line":17,"column":67}},{"start":{"line":17,"column":67},"end":{"line":17,"column":null}}],"line":17},"1":{"loc":{"start":{"line":23,"column":78},"end":{"line":23,"column":112}},"type":"cond-expr","locations":[{"start":{"line":23,"column":96},"end":{"line":23,"column":105}},{"start":{"line":23,"column":105},"end":{"line":23,"column":112}}],"line":23},"2":{"loc":{"start":{"line":30,"column":22},"end":{"line":30,"column":null}},"type":"cond-expr","locations":[{"start":{"line":30,"column":53},"end":{"line":30,"column":65}},{"start":{"line":30,"column":65},"end":{"line":30,"column":null}}],"line":30},"3":{"loc":{"start":{"line":31,"column":17},"end":{"line":31,"column":67}},"type":"cond-expr","locations":[{"start":{"line":31,"column":48},"end":{"line":31,"column":58}},{"start":{"line":31,"column":58},"end":{"line":31,"column":67}}],"line":31},"4":{"loc":{"start":{"line":45,"column":22},"end":{"line":45,"column":null}},"type":"cond-expr","locations":[{"start":{"line":45,"column":54},"end":{"line":45,"column":66}},{"start":{"line":45,"column":66},"end":{"line":45,"column":null}}],"line":45},"5":{"loc":{"start":{"line":46,"column":17},"end":{"line":46,"column":68}},"type":"cond-expr","locations":[{"start":{"line":46,"column":49},"end":{"line":46,"column":59}},{"start":{"line":46,"column":59},"end":{"line":46,"column":68}}],"line":46},"6":{"loc":{"start":{"line":60,"column":49},"end":{"line":60,"column":115}},"type":"cond-expr","locations":[{"start":{"line":60,"column":65},"end":{"line":60,"column":77}},{"start":{"line":60,"column":77},"end":{"line":60,"column":115}}],"line":60},"7":{"loc":{"start":{"line":60,"column":77},"end":{"line":60,"column":115}},"type":"cond-expr","locations":[{"start":{"line":60,"column":94},"end":{"line":60,"column":106}},{"start":{"line":60,"column":106},"end":{"line":60,"column":115}}],"line":60},"8":{"loc":{"start":{"line":61,"column":18},"end":{"line":61,"column":null}},"type":"cond-expr","locations":[{"start":{"line":61,"column":68},"end":{"line":61,"column":78}},{"start":{"line":61,"column":78},"end":{"line":61,"column":null}}],"line":61},"9":{"loc":{"start":{"line":61,"column":18},"end":{"line":61,"column":68}},"type":"binary-expr","locations":[{"start":{"line":61,"column":18},"end":{"line":61,"column":35}},{"start":{"line":61,"column":35},"end":{"line":61,"column":68}}],"line":61},"10":{"loc":{"start":{"line":68,"column":37},"end":{"line":68,"column":115}},"type":"cond-expr","locations":[{"start":{"line":68,"column":102},"end":{"line":68,"column":110}},{"start":{"line":68,"column":110},"end":{"line":68,"column":115}}],"line":68},"11":{"loc":{"start":{"line":68,"column":37},"end":{"line":68,"column":102}},"type":"binary-expr","locations":[{"start":{"line":68,"column":37},"end":{"line":68,"column":70}},{"start":{"line":68,"column":70},"end":{"line":68,"column":102}}],"line":68}},"s":{"0":1,"1":5,"2":15,"3":5,"4":15,"5":5,"6":15,"7":5,"8":15,"9":5,"10":15,"11":5,"12":0,"13":0,"14":1},"f":{"0":5,"1":15,"2":15,"3":15,"4":15,"5":15,"6":0,"7":0,"8":1},"b":{"0":[0,5],"1":[0,5],"2":[0,5],"3":[0,5],"4":[0,5],"5":[0,5],"6":[0,5],"7":[0,5],"8":[0,5],"9":[5,0],"10":[2,3],"11":[5,3]},"meta":{"lastBranch":12,"lastFunction":9,"lastStatement":15,"seen":{"s:4:27:72:Infinity":0,"f:4:27:4:28":0,"s:5:8:5:Infinity":1,"f:5:32:5:33":1,"s:5:43:5:57":2,"s:6:8:6:Infinity":3,"f:6:35:6:36":2,"s:6:46:6:63":4,"s:7:8:7:Infinity":5,"f:7:39:7:40":3,"s:7:50:7:71":6,"s:8:8:8:Infinity":7,"f:8:42:8:43":4,"s:8:53:8:77":8,"s:9:8:9:Infinity":9,"f:9:31:9:32":5,"s:9:42:9:55":10,"s:11:2:70:Infinity":11,"f:14:17:14:23":6,"s:14:23:14:Infinity":12,"b:17:40:17:67:17:67:17:Infinity":0,"b:23:96:23:105:23:105:23:112":1,"f:27:17:27:23":7,"s:27:23:27:Infinity":13,"b:30:53:30:65:30:65:30:Infinity":2,"b:31:48:31:58:31:58:31:67":3,"f:42:17:42:23":8,"s:42:23:42:Infinity":14,"b:45:54:45:66:45:66:45:Infinity":4,"b:46:49:46:59:46:59:46:68":5,"b:60:65:60:77:60:77:60:115":6,"b:60:94:60:106:60:106:60:115":7,"b:61:68:61:78:61:78:61:Infinity":8,"b:61:18:61:35:61:35:61:68":9,"b:68:102:68:110:68:110:68:115":10,"b:68:37:68:70:68:70:68:102":11}}}
,"/Users/chriskang/Documents/03_Project/gemini_slop/dog_walker/src/components/ui/TrainingOverlay.tsx": {"path":"/Users/chriskang/Documents/03_Project/gemini_slop/dog_walker/src/components/ui/TrainingOverlay.tsx","statementMap":{"0":{"start":{"line":6,"column":18},"end":{"line":67,"column":null}},"1":{"start":{"line":23,"column":2},"end":{"line":67,"column":null}},"2":{"start":{"line":25,"column":6},"end":{"line":25,"column":null}},"3":{"start":{"line":26,"column":6},"end":{"line":26,"column":null}},"4":{"start":{"line":26,"column":66},"end":{"line":26,"column":null}},"5":{"start":{"line":70,"column":42},"end":{"line":77,"column":null}},"6":{"start":{"line":79,"column":44},"end":{"line":86,"column":null}},"7":{"start":{"line":88,"column":27},"end":{"line":210,"column":null}},"8":{"start":{"line":103,"column":15},"end":{"line":103,"column":null}},"9":{"start":{"line":104,"column":17},"end":{"line":104,"column":null}},"10":{"start":{"line":105,"column":20},"end":{"line":105,"column":null}},"11":{"start":{"line":106,"column":22},"end":{"line":106,"column":null}},"12":{"start":{"line":107,"column":22},"end":{"line":107,"column":null}},"13":{"start":{"line":109,"column":17},"end":{"line":125,"column":null}},"14":{"start":{"line":110,"column":10},"end":{"line":110,"column":null}},"15":{"start":{"line":111,"column":21},"end":{"line":111,"column":null}},"16":{"start":{"line":112,"column":22},"end":{"line":112,"column":null}},"17":{"start":{"line":113,"column":27},"end":{"line":113,"column":null}},"18":{"start":{"line":115,"column":4},"end":{"line":124,"column":null}},"19":{"start":{"line":127,"column":2},"end":{"line":208,"column":null}},"20":{"start":{"line":133,"column":12},"end":{"line":133,"column":null}},"21":{"start":{"line":137,"column":36},"end":{"line":137,"column":53}},"22":{"start":{"line":144,"column":12},"end":{"line":144,"column":null}},"23":{"start":{"line":148,"column":36},"end":{"line":148,"column":53}},"24":{"start":{"line":156,"column":30},"end":{"line":156,"column":null}},"25":{"start":{"line":157,"column":32},"end":{"line":157,"column":null}},"26":{"start":{"line":158,"column":33},"end":{"line":158,"column":null}},"27":{"start":{"line":160,"column":12},"end":{"line":198,"column":null}},"28":{"start":{"line":161,"column":45},"end":{"line":161,"column":85}},"29":{"start":{"line":212,"column":31},"end":{"line":558,"column":null}},"30":{"start":{"line":234,"column":2},"end":{"line":234,"column":null}},"31":{"start":{"line":236,"column":32},"end":{"line":236,"column":null}},"32":{"start":{"line":237,"column":40},"end":{"line":237,"column":null}},"33":{"start":{"line":239,"column":25},"end":{"line":246,"column":null}},"34":{"start":{"line":240,"column":102},"end":{"line":240,"column":138}},"35":{"start":{"line":241,"column":97},"end":{"line":241,"column":136}},"36":{"start":{"line":242,"column":99},"end":{"line":242,"column":138}},"37":{"start":{"line":243,"column":95},"end":{"line":243,"column":130}},"38":{"start":{"line":244,"column":106},"end":{"line":244,"column":144}},"39":{"start":{"line":245,"column":104},"end":{"line":245,"column":144}},"40":{"start":{"line":248,"column":21},"end":{"line":248,"column":null}},"41":{"start":{"line":248,"column":74},"end":{"line":248,"column":101}},"42":{"start":{"line":250,"column":2},"end":{"line":556,"column":null}},"43":{"start":{"line":260,"column":10},"end":{"line":276,"column":null}},"44":{"start":{"line":262,"column":27},"end":{"line":262,"column":null}},"45":{"start":{"line":296,"column":25},"end":{"line":296,"column":null}},"46":{"start":{"line":327,"column":32},"end":{"line":327,"column":null}},"47":{"start":{"line":328,"column":31},"end":{"line":328,"column":null}},"48":{"start":{"line":329,"column":32},"end":{"line":329,"column":null}},"49":{"start":{"line":330,"column":37},"end":{"line":330,"column":null}},"50":{"start":{"line":332,"column":18},"end":{"line":358,"column":null}},"51":{"start":{"line":335,"column":37},"end":{"line":335,"column":null}},"52":{"start":{"line":432,"column":28},"end":{"line":432,"column":null}},"53":{"start":{"line":433,"column":35},"end":{"line":433,"column":null}},"54":{"start":{"line":434,"column":38},"end":{"line":434,"column":null}},"55":{"start":{"line":435,"column":28},"end":{"line":435,"column":null}},"56":{"start":{"line":437,"column":36},"end":{"line":437,"column":null}},"57":{"start":{"line":438,"column":37},"end":{"line":438,"column":null}},"58":{"start":{"line":440,"column":22},"end":{"line":452,"column":null}},"59":{"start":{"line":468,"column":22},"end":{"line":470,"column":null}},"60":{"start":{"line":482,"column":20},"end":{"line":482,"column":null}},"61":{"start":{"line":483,"column":14},"end":{"line":505,"column":null}},"62":{"start":{"line":492,"column":22},"end":{"line":502,"column":null}},"63":{"start":{"line":500,"column":44},"end":{"line":500,"column":null}},"64":{"start":{"line":515,"column":38},"end":{"line":515,"column":60}},"65":{"start":{"line":516,"column":26},"end":{"line":516,"column":null}},"66":{"start":{"line":517,"column":26},"end":{"line":517,"column":null}},"67":{"start":{"line":518,"column":26},"end":{"line":518,"column":null}},"68":{"start":{"line":520,"column":20},"end":{"line":531,"column":null}},"69":{"start":{"line":529,"column":44},"end":{"line":529,"column":null}},"70":{"start":{"line":548,"column":14},"end":{"line":551,"column":null}}},"fnMap":{"0":{"name":"(anonymous_0)","decl":{"start":{"line":6,"column":18},"end":{"line":6,"column":19}},"loc":{"start":{"line":23,"column":2},"end":{"line":67,"column":null}},"line":23},"1":{"name":"(anonymous_1)","decl":{"start":{"line":24,"column":13},"end":{"line":24,"column":14}},"loc":{"start":{"line":24,"column":20},"end":{"line":27,"column":null}},"line":24},"2":{"name":"(anonymous_2)","decl":{"start":{"line":88,"column":27},"end":{"line":88,"column":28}},"loc":{"start":{"line":102,"column":6},"end":{"line":210,"column":null}},"line":102},"3":{"name":"(anonymous_3)","decl":{"start":{"line":109,"column":37},"end":{"line":109,"column":38}},"loc":{"start":{"line":109,"column":50},"end":{"line":125,"column":3}},"line":109},"4":{"name":"(anonymous_4)","decl":{"start":{"line":132,"column":41},"end":{"line":132,"column":42}},"loc":{"start":{"line":133,"column":12},"end":{"line":133,"column":null}},"line":133},"5":{"name":"(anonymous_5)","decl":{"start":{"line":137,"column":31},"end":{"line":137,"column":36}},"loc":{"start":{"line":137,"column":36},"end":{"line":137,"column":53}},"line":137},"6":{"name":"(anonymous_6)","decl":{"start":{"line":143,"column":22},"end":{"line":143,"column":23}},"loc":{"start":{"line":144,"column":12},"end":{"line":144,"column":null}},"line":144},"7":{"name":"(anonymous_7)","decl":{"start":{"line":148,"column":31},"end":{"line":148,"column":36}},"loc":{"start":{"line":148,"column":36},"end":{"line":148,"column":53}},"line":148},"8":{"name":"(anonymous_8)","decl":{"start":{"line":155,"column":22},"end":{"line":155,"column":23}},"loc":{"start":{"line":155,"column":29},"end":{"line":200,"column":11}},"line":155},"9":{"name":"(anonymous_9)","decl":{"start":{"line":161,"column":39},"end":{"line":161,"column":45}},"loc":{"start":{"line":161,"column":45},"end":{"line":161,"column":85}},"line":161},"10":{"name":"(anonymous_10)","decl":{"start":{"line":212,"column":31},"end":{"line":212,"column":37}},"loc":{"start":{"line":212,"column":37},"end":{"line":558,"column":null}},"line":212},"11":{"name":"(anonymous_11)","decl":{"start":{"line":240,"column":97},"end":{"line":240,"column":102}},"loc":{"start":{"line":240,"column":102},"end":{"line":240,"column":138}},"line":240},"12":{"name":"(anonymous_12)","decl":{"start":{"line":241,"column":92},"end":{"line":241,"column":97}},"loc":{"start":{"line":241,"column":97},"end":{"line":241,"column":136}},"line":241},"13":{"name":"(anonymous_13)","decl":{"start":{"line":242,"column":94},"end":{"line":242,"column":99}},"loc":{"start":{"line":242,"column":99},"end":{"line":242,"column":138}},"line":242},"14":{"name":"(anonymous_14)","decl":{"start":{"line":243,"column":90},"end":{"line":243,"column":95}},"loc":{"start":{"line":243,"column":95},"end":{"line":243,"column":130}},"line":243},"15":{"name":"(anonymous_15)","decl":{"start":{"line":244,"column":101},"end":{"line":244,"column":106}},"loc":{"start":{"line":244,"column":106},"end":{"line":244,"column":144}},"line":244},"16":{"name":"(anonymous_16)","decl":{"start":{"line":245,"column":99},"end":{"line":245,"column":104}},"loc":{"start":{"line":245,"column":104},"end":{"line":245,"column":144}},"line":245},"17":{"name":"(anonymous_17)","decl":{"start":{"line":248,"column":70},"end":{"line":248,"column":71}},"loc":{"start":{"line":248,"column":74},"end":{"line":248,"column":101}},"line":248},"18":{"name":"(anonymous_18)","decl":{"start":{"line":259,"column":56},"end":{"line":259,"column":57}},"loc":{"start":{"line":260,"column":10},"end":{"line":276,"column":null}},"line":260},"19":{"name":"(anonymous_19)","decl":{"start":{"line":262,"column":21},"end":{"line":262,"column":27}},"loc":{"start":{"line":262,"column":27},"end":{"line":262,"column":null}},"line":262},"20":{"name":"(anonymous_20)","decl":{"start":{"line":296,"column":19},"end":{"line":296,"column":25}},"loc":{"start":{"line":296,"column":25},"end":{"line":296,"column":null}},"line":296},"21":{"name":"(anonymous_21)","decl":{"start":{"line":326,"column":36},"end":{"line":326,"column":44}},"loc":{"start":{"line":326,"column":44},"end":{"line":360,"column":17}},"line":326},"22":{"name":"(anonymous_22)","decl":{"start":{"line":335,"column":31},"end":{"line":335,"column":37}},"loc":{"start":{"line":335,"column":37},"end":{"line":335,"column":null}},"line":335},"23":{"name":"(anonymous_23)","decl":{"start":{"line":431,"column":40},"end":{"line":431,"column":41}},"loc":{"start":{"line":431,"column":50},"end":{"line":454,"column":21}},"line":431},"24":{"name":"(anonymous_24)","decl":{"start":{"line":467,"column":32},"end":{"line":467,"column":null}},"loc":{"start":{"line":468,"column":22},"end":{"line":470,"column":null}},"line":468},"25":{"name":"(anonymous_25)","decl":{"start":{"line":481,"column":32},"end":{"line":481,"column":33}},"loc":{"start":{"line":481,"column":42},"end":{"line":507,"column":13}},"line":481},"26":{"name":"(anonymous_26)","decl":{"start":{"line":491,"column":45},"end":{"line":491,"column":46}},"loc":{"start":{"line":492,"column":22},"end":{"line":502,"column":null}},"line":492},"27":{"name":"(anonymous_27)","decl":{"start":{"line":500,"column":38},"end":{"line":500,"column":44}},"loc":{"start":{"line":500,"column":44},"end":{"line":500,"column":null}},"line":500},"28":{"name":"(anonymous_28)","decl":{"start":{"line":515,"column":33},"end":{"line":515,"column":38}},"loc":{"start":{"line":515,"column":38},"end":{"line":515,"column":60}},"line":515},"29":{"name":"(anonymous_29)","decl":{"start":{"line":515,"column":66},"end":{"line":515,"column":75}},"loc":{"start":{"line":515,"column":75},"end":{"line":533,"column":19}},"line":515},"30":{"name":"(anonymous_30)","decl":{"start":{"line":529,"column":38},"end":{"line":529,"column":44}},"loc":{"start":{"line":529,"column":44},"end":{"line":529,"column":null}},"line":529},"31":{"name":"(anonymous_31)","decl":{"start":{"line":547,"column":18},"end":{"line":547,"column":19}},"loc":{"start":{"line":548,"column":14},"end":{"line":551,"column":null}},"line":548}},"branchMap":{"0":{"loc":{"start":{"line":26,"column":6},"end":{"line":26,"column":null}},"type":"if","locations":[{"start":{"line":26,"column":6},"end":{"line":26,"column":null}},{"start":{},"end":{}}],"line":26},"1":{"loc":{"start":{"line":26,"column":10},"end":{"line":26,"column":66}},"type":"binary-expr","locations":[{"start":{"line":26,"column":10},"end":{"line":26,"column":23}},{"start":{"line":26,"column":23},"end":{"line":26,"column":36}},{"start":{"line":26,"column":36},"end":{"line":26,"column":53}},{"start":{"line":26,"column":53},"end":{"line":26,"column":66}}],"line":26},"2":{"loc":{"start":{"line":31,"column":18},"end":{"line":31,"column":null}},"type":"cond-expr","locations":[{"start":{"line":31,"column":29},"end":{"line":31,"column":41}},{"start":{"line":31,"column":41},"end":{"line":31,"column":null}}],"line":31},"3":{"loc":{"start":{"line":31,"column":41},"end":{"line":31,"column":null}},"type":"cond-expr","locations":[{"start":{"line":31,"column":53},"end":{"line":31,"column":65}},{"start":{"line":31,"column":65},"end":{"line":31,"column":null}}],"line":31},"4":{"loc":{"start":{"line":32,"column":27},"end":{"line":32,"column":128}},"type":"cond-expr","locations":[{"start":{"line":32,"column":38},"end":{"line":32,"column":50}},{"start":{"line":32,"column":50},"end":{"line":32,"column":128}}],"line":32},"5":{"loc":{"start":{"line":32,"column":50},"end":{"line":32,"column":128}},"type":"cond-expr","locations":[{"start":{"line":32,"column":63},"end":{"line":32,"column":119}},{"start":{"line":32,"column":119},"end":{"line":32,"column":128}}],"line":32},"6":{"loc":{"start":{"line":32,"column":63},"end":{"line":32,"column":119}},"type":"cond-expr","locations":[{"start":{"line":32,"column":94},"end":{"line":32,"column":106}},{"start":{"line":32,"column":106},"end":{"line":32,"column":119}}],"line":32},"7":{"loc":{"start":{"line":32,"column":63},"end":{"line":32,"column":94}},"type":"binary-expr","locations":[{"start":{"line":32,"column":63},"end":{"line":32,"column":80}},{"start":{"line":32,"column":80},"end":{"line":32,"column":94}}],"line":32},"8":{"loc":{"start":{"line":37,"column":14},"end":{"line":37,"column":null}},"type":"cond-expr","locations":[{"start":{"line":37,"column":71},"end":{"line":37,"column":83}},{"start":{"line":37,"column":83},"end":{"line":37,"column":null}}],"line":37},"9":{"loc":{"start":{"line":37,"column":14},"end":{"line":37,"column":71}},"type":"binary-expr","locations":[{"start":{"line":37,"column":14},"end":{"line":37,"column":27}},{"start":{"line":37,"column":27},"end":{"line":37,"column":40}},{"start":{"line":37,"column":40},"end":{"line":37,"column":57}},{"start":{"line":37,"column":57},"end":{"line":37,"column":71}}],"line":37},"10":{"loc":{"start":{"line":39,"column":15},"end":{"line":39,"column":null}},"type":"cond-expr","locations":[{"start":{"line":39,"column":27},"end":{"line":39,"column":31}},{"start":{"line":39,"column":31},"end":{"line":39,"column":null}}],"line":39},"11":{"loc":{"start":{"line":40,"column":13},"end":{"line":40,"column":null}},"type":"cond-expr","locations":[{"start":{"line":40,"column":24},"end":{"line":40,"column":34}},{"start":{"line":40,"column":34},"end":{"line":40,"column":null}}],"line":40},"12":{"loc":{"start":{"line":41,"column":17},"end":{"line":41,"column":null}},"type":"cond-expr","locations":[{"start":{"line":41,"column":28},"end":{"line":41,"column":59}},{"start":{"line":41,"column":59},"end":{"line":41,"column":null}}],"line":41},"13":{"loc":{"start":{"line":48,"column":7},"end":{"line":48,"column":null}},"type":"binary-expr","locations":[{"start":{"line":48,"column":7},"end":{"line":48,"column":24}},{"start":{"line":48,"column":24},"end":{"line":48,"column":null}}],"line":48},"14":{"loc":{"start":{"line":55,"column":7},"end":{"line":59,"column":null}},"type":"binary-expr","locations":[{"start":{"line":55,"column":7},"end":{"line":55,"column":20}},{"start":{"line":55,"column":20},"end":{"line":55,"column":null}},{"start":{"line":56,"column":8},"end":{"line":59,"column":null}}],"line":55},"15":{"loc":{"start":{"line":57,"column":32},"end":{"line":57,"column":70}},"type":"cond-expr","locations":[{"start":{"line":57,"column":48},"end":{"line":57,"column":60}},{"start":{"line":57,"column":60},"end":{"line":57,"column":70}}],"line":57},"16":{"loc":{"start":{"line":58,"column":32},"end":{"line":58,"column":68}},"type":"cond-expr","locations":[{"start":{"line":58,"column":46},"end":{"line":58,"column":58}},{"start":{"line":58,"column":58},"end":{"line":58,"column":68}}],"line":58},"17":{"loc":{"start":{"line":61,"column":65},"end":{"line":61,"column":132}},"type":"cond-expr","locations":[{"start":{"line":61,"column":81},"end":{"line":61,"column":93}},{"start":{"line":61,"column":93},"end":{"line":61,"column":132}}],"line":61},"18":{"loc":{"start":{"line":61,"column":93},"end":{"line":61,"column":132}},"type":"cond-expr","locations":[{"start":{"line":61,"column":110},"end":{"line":61,"column":122}},{"start":{"line":61,"column":122},"end":{"line":61,"column":132}}],"line":61},"19":{"loc":{"start":{"line":66,"column":5},"end":{"line":66,"column":null}},"type":"binary-expr","locations":[{"start":{"line":66,"column":5},"end":{"line":66,"column":17}},{"start":{"line":66,"column":17},"end":{"line":66,"column":null}}],"line":66},"20":{"loc":{"start":{"line":112,"column":22},"end":{"line":112,"column":null}},"type":"binary-expr","locations":[{"start":{"line":112,"column":22},"end":{"line":112,"column":65}},{"start":{"line":112,"column":65},"end":{"line":112,"column":null}}],"line":112},"21":{"loc":{"start":{"line":158,"column":47},"end":{"line":158,"column":76}},"type":"binary-expr","locations":[{"start":{"line":158,"column":47},"end":{"line":158,"column":71}},{"start":{"line":158,"column":71},"end":{"line":158,"column":76}}],"line":158},"22":{"loc":{"start":{"line":161,"column":45},"end":{"line":161,"column":85}},"type":"binary-expr","locations":[{"start":{"line":161,"column":45},"end":{"line":161,"column":58}},{"start":{"line":161,"column":58},"end":{"line":161,"column":85}}],"line":161},"23":{"loc":{"start":{"line":161,"column":102},"end":{"line":161,"column":136}},"type":"cond-expr","locations":[{"start":{"line":161,"column":114},"end":{"line":161,"column":126}},{"start":{"line":161,"column":126},"end":{"line":161,"column":136}}],"line":161},"24":{"loc":{"start":{"line":162,"column":17},"end":{"line":166,"column":null}},"type":"binary-expr","locations":[{"start":{"line":162,"column":17},"end":{"line":162,"column":null}},{"start":{"line":163,"column":18},"end":{"line":166,"column":null}}],"line":162},"25":{"loc":{"start":{"line":170,"column":41},"end":{"line":170,"column":null}},"type":"cond-expr","locations":[{"start":{"line":170,"column":53},"end":{"line":170,"column":57}},{"start":{"line":170,"column":57},"end":{"line":170,"column":null}}],"line":170},"26":{"loc":{"start":{"line":171,"column":24},"end":{"line":171,"column":null}},"type":"cond-expr","locations":[{"start":{"line":171,"column":36},"end":{"line":171,"column":48}},{"start":{"line":171,"column":48},"end":{"line":171,"column":null}}],"line":171},"27":{"loc":{"start":{"line":171,"column":48},"end":{"line":171,"column":null}},"type":"cond-expr","locations":[{"start":{"line":171,"column":62},"end":{"line":171,"column":74}},{"start":{"line":171,"column":74},"end":{"line":171,"column":null}}],"line":171},"28":{"loc":{"start":{"line":192,"column":26},"end":{"line":192,"column":null}},"type":"cond-expr","locations":[{"start":{"line":192,"column":38},"end":{"line":192,"column":50}},{"start":{"line":192,"column":50},"end":{"line":192,"column":null}}],"line":192},"29":{"loc":{"start":{"line":196,"column":19},"end":{"line":196,"column":null}},"type":"binary-expr","locations":[{"start":{"line":196,"column":19},"end":{"line":196,"column":55}},{"start":{"line":196,"column":55},"end":{"line":196,"column":null}}],"line":196},"30":{"loc":{"start":{"line":203,"column":7},"end":{"line":206,"column":null}},"type":"binary-expr","locations":[{"start":{"line":203,"column":7},"end":{"line":203,"column":null}},{"start":{"line":204,"column":8},"end":{"line":206,"column":null}}],"line":203},"31":{"loc":{"start":{"line":215,"column":4},"end":{"line":215,"column":null}},"type":"default-arg","locations":[{"start":{"line":215,"column":17},"end":{"line":215,"column":null}}],"line":215},"32":{"loc":{"start":{"line":216,"column":4},"end":{"line":216,"column":null}},"type":"default-arg","locations":[{"start":{"line":216,"column":11},"end":{"line":216,"column":null}}],"line":216},"33":{"loc":{"start":{"line":217,"column":4},"end":{"line":217,"column":null}},"type":"default-arg","locations":[{"start":{"line":217,"column":21},"end":{"line":217,"column":null}}],"line":217},"34":{"loc":{"start":{"line":219,"column":4},"end":{"line":219,"column":null}},"type":"default-arg","locations":[{"start":{"line":219,"column":18},"end":{"line":219,"column":null}}],"line":219},"35":{"loc":{"start":{"line":220,"column":4},"end":{"line":220,"column":null}},"type":"default-arg","locations":[{"start":{"line":220,"column":13},"end":{"line":220,"column":null}}],"line":220},"36":{"loc":{"start":{"line":221,"column":4},"end":{"line":221,"column":null}},"type":"default-arg","locations":[{"start":{"line":221,"column":16},"end":{"line":221,"column":null}}],"line":221},"37":{"loc":{"start":{"line":222,"column":4},"end":{"line":222,"column":null}},"type":"default-arg","locations":[{"start":{"line":222,"column":18},"end":{"line":222,"column":null}}],"line":222},"38":{"loc":{"start":{"line":223,"column":4},"end":{"line":223,"column":null}},"type":"default-arg","locations":[{"start":{"line":223,"column":20},"end":{"line":223,"column":null}}],"line":223},"39":{"loc":{"start":{"line":225,"column":4},"end":{"line":232,"column":null}},"type":"default-arg","locations":[{"start":{"line":225,"column":17},"end":{"line":232,"column":null}}],"line":225},"40":{"loc":{"start":{"line":248,"column":46},"end":{"line":248,"column":61}},"type":"binary-expr","locations":[{"start":{"line":248,"column":46},"end":{"line":248,"column":59}},{"start":{"line":248,"column":59},"end":{"line":248,"column":61}}],"line":248},"41":{"loc":{"start":{"line":248,"column":81},"end":{"line":248,"column":92}},"type":"binary-expr","locations":[{"start":{"line":248,"column":81},"end":{"line":248,"column":86}},{"start":{"line":248,"column":86},"end":{"line":248,"column":92}}],"line":248},"42":{"loc":{"start":{"line":248,"column":92},"end":{"line":248,"column":101}},"type":"binary-expr","locations":[{"start":{"line":248,"column":92},"end":{"line":248,"column":97}},{"start":{"line":248,"column":97},"end":{"line":248,"column":101}}],"line":248},"43":{"loc":{"start":{"line":265,"column":26},"end":{"line":265,"column":null}},"type":"cond-expr","locations":[{"start":{"line":265,"column":46},"end":{"line":265,"column":58}},{"start":{"line":265,"column":58},"end":{"line":265,"column":null}}],"line":265},"44":{"loc":{"start":{"line":270,"column":21},"end":{"line":270,"column":null}},"type":"cond-expr","locations":[{"start":{"line":270,"column":41},"end":{"line":270,"column":53}},{"start":{"line":270,"column":53},"end":{"line":270,"column":null}}],"line":270},"45":{"loc":{"start":{"line":271,"column":25},"end":{"line":271,"column":null}},"type":"cond-expr","locations":[{"start":{"line":271,"column":45},"end":{"line":271,"column":77}},{"start":{"line":271,"column":77},"end":{"line":271,"column":null}}],"line":271},"46":{"loc":{"start":{"line":284,"column":13},"end":{"line":284,"column":null}},"type":"cond-expr","locations":[{"start":{"line":284,"column":39},"end":{"line":284,"column":52}},{"start":{"line":284,"column":52},"end":{"line":284,"column":null}}],"line":284},"47":{"loc":{"start":{"line":286,"column":11},"end":{"line":291,"column":null}},"type":"binary-expr","locations":[{"start":{"line":286,"column":11},"end":{"line":286,"column":null}},{"start":{"line":287,"column":12},"end":{"line":291,"column":null}}],"line":286},"48":{"loc":{"start":{"line":288,"column":22},"end":{"line":288,"column":39}},"type":"binary-expr","locations":[{"start":{"line":288,"column":22},"end":{"line":288,"column":30}},{"start":{"line":288,"column":30},"end":{"line":288,"column":39}}],"line":288},"49":{"loc":{"start":{"line":320,"column":9},"end":{"line":391,"column":null}},"type":"binary-expr","locations":[{"start":{"line":320,"column":9},"end":{"line":320,"column":null}},{"start":{"line":321,"column":10},"end":{"line":391,"column":null}}],"line":320},"50":{"loc":{"start":{"line":328,"column":31},"end":{"line":328,"column":null}},"type":"binary-expr","locations":[{"start":{"line":328,"column":31},"end":{"line":328,"column":85}},{"start":{"line":328,"column":85},"end":{"line":328,"column":null}}],"line":328},"51":{"loc":{"start":{"line":335,"column":54},"end":{"line":335,"column":84}},"type":"cond-expr","locations":[{"start":{"line":335,"column":67},"end":{"line":335,"column":74}},{"start":{"line":335,"column":74},"end":{"line":335,"column":84}}],"line":335},"52":{"loc":{"start":{"line":343,"column":36},"end":{"line":343,"column":null}},"type":"cond-expr","locations":[{"start":{"line":343,"column":49},"end":{"line":343,"column":76}},{"start":{"line":343,"column":76},"end":{"line":343,"column":null}}],"line":343},"53":{"loc":{"start":{"line":351,"column":25},"end":{"line":351,"column":null}},"type":"binary-expr","locations":[{"start":{"line":351,"column":25},"end":{"line":351,"column":38}},{"start":{"line":351,"column":38},"end":{"line":351,"column":null}}],"line":351},"54":{"loc":{"start":{"line":356,"column":25},"end":{"line":356,"column":null}},"type":"binary-expr","locations":[{"start":{"line":356,"column":25},"end":{"line":356,"column":38}},{"start":{"line":356,"column":38},"end":{"line":356,"column":null}}],"line":356},"55":{"loc":{"start":{"line":385,"column":17},"end":{"line":385,"column":null}},"type":"cond-expr","locations":[{"start":{"line":385,"column":33},"end":{"line":385,"column":66}},{"start":{"line":385,"column":66},"end":{"line":385,"column":null}}],"line":385},"56":{"loc":{"start":{"line":387,"column":76},"end":{"line":387,"column":113}},"type":"cond-expr","locations":[{"start":{"line":387,"column":92},"end":{"line":387,"column":103}},{"start":{"line":387,"column":103},"end":{"line":387,"column":113}}],"line":387},"57":{"loc":{"start":{"line":387,"column":122},"end":{"line":387,"column":146}},"type":"cond-expr","locations":[{"start":{"line":387,"column":138},"end":{"line":387,"column":142}},{"start":{"line":387,"column":142},"end":{"line":387,"column":146}}],"line":387},"58":{"loc":{"start":{"line":388,"column":17},"end":{"line":388,"column":null}},"type":"cond-expr","locations":[{"start":{"line":388,"column":33},"end":{"line":388,"column":62}},{"start":{"line":388,"column":62},"end":{"line":388,"column":null}}],"line":388},"59":{"loc":{"start":{"line":394,"column":9},"end":{"line":476,"column":null}},"type":"binary-expr","locations":[{"start":{"line":394,"column":9},"end":{"line":394,"column":null}},{"start":{"line":395,"column":10},"end":{"line":476,"column":null}}],"line":394},"60":{"loc":{"start":{"line":403,"column":28},"end":{"line":403,"column":62}},"type":"binary-expr","locations":[{"start":{"line":403,"column":28},"end":{"line":403,"column":55}},{"start":{"line":403,"column":55},"end":{"line":403,"column":62}}],"line":403},"61":{"loc":{"start":{"line":408,"column":97},"end":{"line":408,"column":127}},"type":"binary-expr","locations":[{"start":{"line":408,"column":97},"end":{"line":408,"column":124}},{"start":{"line":408,"column":124},"end":{"line":408,"column":127}}],"line":408},"62":{"loc":{"start":{"line":409,"column":73},"end":{"line":409,"column":97}},"type":"binary-expr","locations":[{"start":{"line":409,"column":73},"end":{"line":409,"column":92}},{"start":{"line":409,"column":92},"end":{"line":409,"column":97}}],"line":409},"63":{"loc":{"start":{"line":412,"column":44},"end":{"line":412,"column":68}},"type":"binary-expr","locations":[{"start":{"line":412,"column":44},"end":{"line":412,"column":63}},{"start":{"line":412,"column":63},"end":{"line":412,"column":68}}],"line":412},"64":{"loc":{"start":{"line":433,"column":35},"end":{"line":433,"column":null}},"type":"binary-expr","locations":[{"start":{"line":433,"column":35},"end":{"line":433,"column":89}},{"start":{"line":433,"column":89},"end":{"line":433,"column":null}}],"line":433},"65":{"loc":{"start":{"line":434,"column":38},"end":{"line":434,"column":null}},"type":"binary-expr","locations":[{"start":{"line":434,"column":38},"end":{"line":434,"column":89}},{"start":{"line":434,"column":89},"end":{"line":434,"column":null}}],"line":434},"66":{"loc":{"start":{"line":435,"column":40},"end":{"line":435,"column":72}},"type":"binary-expr","locations":[{"start":{"line":435,"column":40},"end":{"line":435,"column":67}},{"start":{"line":435,"column":67},"end":{"line":435,"column":72}}],"line":435},"67":{"loc":{"start":{"line":437,"column":36},"end":{"line":437,"column":null}},"type":"cond-expr","locations":[{"start":{"line":437,"column":51},"end":{"line":437,"column":63}},{"start":{"line":437,"column":63},"end":{"line":437,"column":null}}],"line":437},"68":{"loc":{"start":{"line":437,"column":63},"end":{"line":437,"column":null}},"type":"cond-expr","locations":[{"start":{"line":437,"column":79},"end":{"line":437,"column":91}},{"start":{"line":437,"column":91},"end":{"line":437,"column":null}}],"line":437},"69":{"loc":{"start":{"line":437,"column":91},"end":{"line":437,"column":null}},"type":"cond-expr","locations":[{"start":{"line":437,"column":107},"end":{"line":437,"column":119}},{"start":{"line":437,"column":119},"end":{"line":437,"column":null}}],"line":437},"70":{"loc":{"start":{"line":438,"column":37},"end":{"line":438,"column":null}},"type":"cond-expr","locations":[{"start":{"line":438,"column":52},"end":{"line":438,"column":61}},{"start":{"line":438,"column":61},"end":{"line":438,"column":null}}],"line":438},"71":{"loc":{"start":{"line":438,"column":61},"end":{"line":438,"column":null}},"type":"cond-expr","locations":[{"start":{"line":438,"column":77},"end":{"line":438,"column":90}},{"start":{"line":438,"column":90},"end":{"line":438,"column":null}}],"line":438},"72":{"loc":{"start":{"line":438,"column":90},"end":{"line":438,"column":null}},"type":"cond-expr","locations":[{"start":{"line":438,"column":106},"end":{"line":438,"column":117}},{"start":{"line":438,"column":117},"end":{"line":438,"column":null}}],"line":438},"73":{"loc":{"start":{"line":479,"column":9},"end":{"line":537,"column":null}},"type":"binary-expr","locations":[{"start":{"line":479,"column":9},"end":{"line":479,"column":null}},{"start":{"line":480,"column":10},"end":{"line":537,"column":null}}],"line":479},"74":{"loc":{"start":{"line":491,"column":22},"end":{"line":491,"column":41}},"type":"binary-expr","locations":[{"start":{"line":491,"column":22},"end":{"line":491,"column":37}},{"start":{"line":491,"column":37},"end":{"line":491,"column":41}}],"line":491},"75":{"loc":{"start":{"line":495,"column":37},"end":{"line":495,"column":59}},"type":"binary-expr","locations":[{"start":{"line":495,"column":37},"end":{"line":495,"column":55}},{"start":{"line":495,"column":55},"end":{"line":495,"column":59}}],"line":495},"76":{"loc":{"start":{"line":496,"column":37},"end":{"line":496,"column":null}},"type":"binary-expr","locations":[{"start":{"line":496,"column":37},"end":{"line":496,"column":58}},{"start":{"line":496,"column":44},"end":{"line":496,"column":null}}],"line":496},"77":{"loc":{"start":{"line":496,"column":58},"end":{"line":496,"column":80}},"type":"binary-expr","locations":[{"start":{"line":496,"column":58},"end":{"line":496,"column":76}},{"start":{"line":496,"column":76},"end":{"line":496,"column":80}}],"line":496},"78":{"loc":{"start":{"line":497,"column":42},"end":{"line":497,"column":69}},"type":"binary-expr","locations":[{"start":{"line":497,"column":42},"end":{"line":497,"column":63}},{"start":{"line":497,"column":63},"end":{"line":497,"column":69}}],"line":497},"79":{"loc":{"start":{"line":498,"column":40},"end":{"line":498,"column":74}},"type":"binary-expr","locations":[{"start":{"line":498,"column":40},"end":{"line":498,"column":68}},{"start":{"line":498,"column":68},"end":{"line":498,"column":74}}],"line":498},"80":{"loc":{"start":{"line":509,"column":13},"end":{"line":535,"column":null}},"type":"binary-expr","locations":[{"start":{"line":509,"column":13},"end":{"line":509,"column":null}},{"start":{"line":510,"column":14},"end":{"line":535,"column":null}}],"line":509},"81":{"loc":{"start":{"line":516,"column":38},"end":{"line":516,"column":60}},"type":"binary-expr","locations":[{"start":{"line":516,"column":38},"end":{"line":516,"column":56}},{"start":{"line":516,"column":56},"end":{"line":516,"column":60}}],"line":516},"82":{"loc":{"start":{"line":517,"column":43},"end":{"line":517,"column":70}},"type":"binary-expr","locations":[{"start":{"line":517,"column":43},"end":{"line":517,"column":64}},{"start":{"line":517,"column":64},"end":{"line":517,"column":70}}],"line":517},"83":{"loc":{"start":{"line":518,"column":41},"end":{"line":518,"column":75}},"type":"binary-expr","locations":[{"start":{"line":518,"column":41},"end":{"line":518,"column":69}},{"start":{"line":518,"column":69},"end":{"line":518,"column":75}}],"line":518},"84":{"loc":{"start":{"line":540,"column":9},"end":{"line":553,"column":null}},"type":"binary-expr","locations":[{"start":{"line":540,"column":9},"end":{"line":540,"column":null}},{"start":{"line":541,"column":10},"end":{"line":553,"column":null}}],"line":540}},"s":{"0":1,"1":72,"2":2,"3":2,"4":1,"5":1,"6":1,"7":1,"8":1,"9":1,"10":1,"11":1,"12":1,"13":1,"14":6,"15":6,"16":6,"17":6,"18":6,"19":1,"20":5,"21":6,"22":6,"23":6,"24":6,"25":6,"26":6,"27":6,"28":0,"29":1,"30":10,"31":10,"32":10,"33":10,"34":250,"35":250,"36":250,"37":250,"38":250,"39":250,"40":10,"41":60,"42":10,"43":40,"44":4,"45":1,"46":36,"47":36,"48":36,"49":36,"50":36,"51":0,"52":6,"53":6,"54":6,"55":6,"56":6,"57":6,"58":6,"59":2,"60":18,"61":18,"62":72,"63":1,"64":0,"65":0,"66":0,"67":0,"68":0,"69":0,"70":0},"f":{"0":72,"1":2,"2":1,"3":6,"4":5,"5":6,"6":6,"7":6,"8":6,"9":0,"10":10,"11":250,"12":250,"13":250,"14":250,"15":250,"16":250,"17":60,"18":40,"19":4,"20":1,"21":36,"22":0,"23":6,"24":2,"25":18,"26":72,"27":1,"28":0,"29":0,"30":0,"31":0},"b":{"0":[1,1],"1":[2,2,2,1],"2":[0,72],"3":[36,36],"4":[0,72],"5":[36,36],"6":[12,24],"7":[36,12],"8":[12,60],"9":[72,36,36,12],"10":[36,36],"11":[0,72],"12":[0,72],"13":[72,18],"14":[72,72,36],"15":[12,24],"16":[24,12],"17":[12,60],"18":[48,12],"19":[72,0],"20":[6,0],"21":[6,6],"22":[0,0],"23":[6,0],"24":[6,0],"25":[1,5],"26":[1,5],"27":[0,5],"28":[1,5],"29":[6,0],"30":[1,1],"31":[10],"32":[10],"33":[10],"34":[10],"35":[10],"36":[10],"37":[10],"38":[10],"39":[10],"40":[10,0],"41":[60,10],"42":[60,0],"43":[10,30],"44":[10,30],"45":[10,30],"46":[6,4],"47":[10,6],"48":[6,0],"49":[10,6],"50":[36,0],"51":[0,0],"52":[0,36],"53":[36,0],"54":[36,0],"55":[0,6],"56":[0,6],"57":[0,6],"58":[0,6],"59":[10,1],"60":[1,0],"61":[1,0],"62":[1,1],"63":[1,1],"64":[6,0],"65":[6,0],"66":[6,6],"67":[1,5],"68":[2,3],"69":[2,1],"70":[1,5],"71":[2,3],"72":[2,1],"73":[10,3],"74":[18,0],"75":[72,0],"76":[72,54],"77":[54,0],"78":[72,24],"79":[72,24],"80":[3,0],"81":[0,0],"82":[0,0],"83":[0,0],"84":[10,0]},"meta":{"lastBranch":85,"lastFunction":32,"lastStatement":71,"seen":{"s:6:18:67:Infinity":0,"f:6:18:6:19":0,"s:23:2:67:Infinity":1,"f:24:13:24:14":1,"s:25:6:25:Infinity":2,"b:26:6:26:Infinity:undefined:undefined:undefined:undefined":0,"s:26:6:26:Infinity":3,"b:26:10:26:23:26:23:26:36:26:36:26:53:26:53:26:66":1,"s:26:66:26:Infinity":4,"b:31:29:31:41:31:41:31:Infinity":2,"b:31:53:31:65:31:65:31:Infinity":3,"b:32:38:32:50:32:50:32:128":4,"b:32:63:32:119:32:119:32:128":5,"b:32:94:32:106:32:106:32:119":6,"b:32:63:32:80:32:80:32:94":7,"b:37:71:37:83:37:83:37:Infinity":8,"b:37:14:37:27:37:27:37:40:37:40:37:57:37:57:37:71":9,"b:39:27:39:31:39:31:39:Infinity":10,"b:40:24:40:34:40:34:40:Infinity":11,"b:41:28:41:59:41:59:41:Infinity":12,"b:48:7:48:24:48:24:48:Infinity":13,"b:55:7:55:20:55:20:55:Infinity:56:8:59:Infinity":14,"b:57:48:57:60:57:60:57:70":15,"b:58:46:58:58:58:58:58:68":16,"b:61:81:61:93:61:93:61:132":17,"b:61:110:61:122:61:122:61:132":18,"b:66:5:66:17:66:17:66:Infinity":19,"s:70:42:77:Infinity":5,"s:79:44:86:Infinity":6,"s:88:27:210:Infinity":7,"f:88:27:88:28":2,"s:103:15:103:Infinity":8,"s:104:17:104:Infinity":9,"s:105:20:105:Infinity":10,"s:106:22:106:Infinity":11,"s:107:22:107:Infinity":12,"s:109:17:125:Infinity":13,"f:109:37:109:38":3,"s:110:10:110:Infinity":14,"s:111:21:111:Infinity":15,"s:112:22:112:Infinity":16,"b:112:22:112:65:112:65:112:Infinity":20,"s:113:27:113:Infinity":17,"s:115:4:124:Infinity":18,"s:127:2:208:Infinity":19,"f:132:41:132:42":4,"s:133:12:133:Infinity":20,"f:137:31:137:36":5,"s:137:36:137:53":21,"f:143:22:143:23":6,"s:144:12:144:Infinity":22,"f:148:31:148:36":7,"s:148:36:148:53":23,"f:155:22:155:23":8,"s:156:30:156:Infinity":24,"s:157:32:157:Infinity":25,"s:158:33:158:Infinity":26,"b:158:47:158:71:158:71:158:76":21,"s:160:12:198:Infinity":27,"f:161:39:161:45":9,"s:161:45:161:85":28,"b:161:45:161:58:161:58:161:85":22,"b:161:114:161:126:161:126:161:136":23,"b:162:17:162:Infinity:163:18:166:Infinity":24,"b:170:53:170:57:170:57:170:Infinity":25,"b:171:36:171:48:171:48:171:Infinity":26,"b:171:62:171:74:171:74:171:Infinity":27,"b:192:38:192:50:192:50:192:Infinity":28,"b:196:19:196:55:196:55:196:Infinity":29,"b:203:7:203:Infinity:204:8:206:Infinity":30,"s:212:31:558:Infinity":29,"f:212:31:212:37":10,"s:234:2:234:Infinity":30,"b:215:17:215:Infinity":31,"b:216:11:216:Infinity":32,"b:217:21:217:Infinity":33,"b:219:18:219:Infinity":34,"b:220:13:220:Infinity":35,"b:221:16:221:Infinity":36,"b:222:18:222:Infinity":37,"b:223:20:223:Infinity":38,"b:225:17:232:Infinity":39,"s:236:32:236:Infinity":31,"s:237:40:237:Infinity":32,"s:239:25:246:Infinity":33,"f:240:97:240:102":11,"s:240:102:240:138":34,"f:241:92:241:97":12,"s:241:97:241:136":35,"f:242:94:242:99":13,"s:242:99:242:138":36,"f:243:90:243:95":14,"s:243:95:243:130":37,"f:244:101:244:106":15,"s:244:106:244:144":38,"f:245:99:245:104":16,"s:245:104:245:144":39,"s:248:21:248:Infinity":40,"b:248:46:248:59:248:59:248:61":40,"f:248:70:248:71":17,"s:248:74:248:101":41,"b:248:81:248:86:248:86:248:92":41,"b:248:92:248:97:248:97:248:101":42,"s:250:2:556:Infinity":42,"f:259:56:259:57":18,"s:260:10:276:Infinity":43,"f:262:21:262:27":19,"s:262:27:262:Infinity":44,"b:265:46:265:58:265:58:265:Infinity":43,"b:270:41:270:53:270:53:270:Infinity":44,"b:271:45:271:77:271:77:271:Infinity":45,"b:284:39:284:52:284:52:284:Infinity":46,"b:286:11:286:Infinity:287:12:291:Infinity":47,"b:288:22:288:30:288:30:288:39":48,"f:296:19:296:25":20,"s:296:25:296:Infinity":45,"b:320:9:320:Infinity:321:10:391:Infinity":49,"f:326:36:326:44":21,"s:327:32:327:Infinity":46,"s:328:31:328:Infinity":47,"b:328:31:328:85:328:85:328:Infinity":50,"s:329:32:329:Infinity":48,"s:330:37:330:Infinity":49,"s:332:18:358:Infinity":50,"f:335:31:335:37":22,"s:335:37:335:Infinity":51,"b:335:67:335:74:335:74:335:84":51,"b:343:49:343:76:343:76:343:Infinity":52,"b:351:25:351:38:351:38:351:Infinity":53,"b:356:25:356:38:356:38:356:Infinity":54,"b:385:33:385:66:385:66:385:Infinity":55,"b:387:92:387:103:387:103:387:113":56,"b:387:138:387:142:387:142:387:146":57,"b:388:33:388:62:388:62:388:Infinity":58,"b:394:9:394:Infinity:395:10:476:Infinity":59,"b:403:28:403:55:403:55:403:62":60,"b:408:97:408:124:408:124:408:127":61,"b:409:73:409:92:409:92:409:97":62,"b:412:44:412:63:412:63:412:68":63,"f:431:40:431:41":23,"s:432:28:432:Infinity":52,"s:433:35:433:Infinity":53,"b:433:35:433:89:433:89:433:Infinity":64,"s:434:38:434:Infinity":54,"b:434:38:434:89:434:89:434:Infinity":65,"s:435:28:435:Infinity":55,"b:435:40:435:67:435:67:435:72":66,"s:437:36:437:Infinity":56,"b:437:51:437:63:437:63:437:Infinity":67,"b:437:79:437:91:437:91:437:Infinity":68,"b:437:107:437:119:437:119:437:Infinity":69,"s:438:37:438:Infinity":57,"b:438:52:438:61:438:61:438:Infinity":70,"b:438:77:438:90:438:90:438:Infinity":71,"b:438:106:438:117:438:117:438:Infinity":72,"s:440:22:452:Infinity":58,"f:467:32:467:Infinity":24,"s:468:22:470:Infinity":59,"b:479:9:479:Infinity:480:10:537:Infinity":73,"f:481:32:481:33":25,"s:482:20:482:Infinity":60,"s:483:14:505:Infinity":61,"b:491:22:491:37:491:37:491:41":74,"f:491:45:491:46":26,"s:492:22:502:Infinity":62,"b:495:37:495:55:495:55:495:59":75,"b:496:37:496:58:496:44:496:Infinity":76,"b:496:58:496:76:496:76:496:80":77,"b:497:42:497:63:497:63:497:69":78,"b:498:40:498:68:498:68:498:74":79,"f:500:38:500:44":27,"s:500:44:500:Infinity":63,"b:509:13:509:Infinity:510:14:535:Infinity":80,"f:515:33:515:38":28,"s:515:38:515:60":64,"f:515:66:515:75":29,"s:516:26:516:Infinity":65,"b:516:38:516:56:516:56:516:60":81,"s:517:26:517:Infinity":66,"b:517:43:517:64:517:64:517:70":82,"s:518:26:518:Infinity":67,"b:518:41:518:69:518:69:518:75":83,"s:520:20:531:Infinity":68,"f:529:38:529:44":30,"s:529:44:529:Infinity":69,"b:540:9:540:Infinity:541:10:553:Infinity":84,"f:547:18:547:19":31,"s:548:14:551:Infinity":70}}}
,"/Users/chriskang/Documents/03_Project/gemini_slop/dog_walker/src/config/constants.ts": {"path":"/Users/chriskang/Documents/03_Project/gemini_slop/dog_walker/src/config/constants.ts","statementMap":{"0":{"start":{"line":1,"column":32},"end":{"line":1,"column":null}},"1":{"start":{"line":2,"column":27},"end":{"line":2,"column":null}},"2":{"start":{"line":3,"column":30},"end":{"line":3,"column":null}},"3":{"start":{"line":4,"column":31},"end":{"line":4,"column":null}},"4":{"start":{"line":5,"column":29},"end":{"line":5,"column":null}},"5":{"start":{"line":6,"column":30},"end":{"line":6,"column":null}},"6":{"start":{"line":7,"column":28},"end":{"line":7,"column":null}},"7":{"start":{"line":8,"column":33},"end":{"line":8,"column":null}},"8":{"start":{"line":9,"column":30},"end":{"line":9,"column":null}},"9":{"start":{"line":11,"column":32},"end":{"line":11,"column":null}},"10":{"start":{"line":12,"column":27},"end":{"line":12,"column":null}},"11":{"start":{"line":14,"column":30},"end":{"line":20,"column":null}}},"fnMap":{},"branchMap":{},"s":{"0":3,"1":3,"2":3,"3":3,"4":3,"5":3,"6":3,"7":3,"8":3,"9":3,"10":3,"11":3},"f":{},"b":{},"meta":{"lastBranch":0,"lastFunction":0,"lastStatement":12,"seen":{"s:1:32:1:Infinity":0,"s:2:27:2:Infinity":1,"s:3:30:3:Infinity":2,"s:4:31:4:Infinity":3,"s:5:29:5:Infinity":4,"s:6:30:6:Infinity":5,"s:7:28:7:Infinity":6,"s:8:33:8:Infinity":7,"s:9:30:9:Infinity":8,"s:11:32:11:Infinity":9,"s:12:27:12:Infinity":10,"s:14:30:20:Infinity":11}}}
,"/Users/chriskang/Documents/03_Project/gemini_slop/dog_walker/src/config/skills.ts": {"path":"/Users/chriskang/Documents/03_Project/gemini_slop/dog_walker/src/config/skills.ts","statementMap":{"0":{"start":{"line":15,"column":31},"end":{"line":55,"column":null}}},"fnMap":{},"branchMap":{},"s":{"0":12},"f":{},"b":{},"meta":{"lastBranch":0,"lastFunction":0,"lastStatement":1,"seen":{"s:15:31:55:Infinity":0}}}
,"/Users/chriskang/Documents/03_Project/gemini_slop/dog_walker/src/hooks/useHUDLayout.ts": {"path":"/Users/chriskang/Documents/03_Project/gemini_slop/dog_walker/src/hooks/useHUDLayout.ts","statementMap":{"0":{"start":{"line":3,"column":28},"end":{"line":33,"column":null}},"1":{"start":{"line":4,"column":34},"end":{"line":4,"column":null}},"2":{"start":{"line":6,"column":2},"end":{"line":10,"column":null}},"3":{"start":{"line":7,"column":25},"end":{"line":7,"column":null}},"4":{"start":{"line":7,"column":31},"end":{"line":7,"column":null}},"5":{"start":{"line":8,"column":4},"end":{"line":8,"column":null}},"6":{"start":{"line":9,"column":4},"end":{"line":9,"column":null}},"7":{"start":{"line":9,"column":17},"end":{"line":9,"column":null}},"8":{"start":{"line":12,"column":24},"end":{"line":12,"column":null}},"9":{"start":{"line":13,"column":18},"end":{"line":13,"column":null}},"10":{"start":{"line":16,"column":18},"end":{"line":16,"column":null}},"11":{"start":{"line":17,"column":21},"end":{"line":17,"column":null}},"12":{"start":{"line":18,"column":19},"end":{"line":18,"column":null}},"13":{"start":{"line":19,"column":20},"end":{"line":19,"column":null}},"14":{"start":{"line":21,"column":21},"end":{"line":21,"column":null}},"15":{"start":{"line":23,"column":2},"end":{"line":32,"column":null}}},"fnMap":{"0":{"name":"(anonymous_0)","decl":{"start":{"line":3,"column":28},"end":{"line":3,"column":34}},"loc":{"start":{"line":3,"column":34},"end":{"line":33,"column":null}},"line":3},"1":{"name":"(anonymous_1)","decl":{"start":{"line":6,"column":12},"end":{"line":6,"column":18}},"loc":{"start":{"line":6,"column":18},"end":{"line":10,"column":5}},"line":6},"2":{"name":"(anonymous_2)","decl":{"start":{"line":7,"column":25},"end":{"line":7,"column":31}},"loc":{"start":{"line":7,"column":31},"end":{"line":7,"column":null}},"line":7},"3":{"name":"(anonymous_3)","decl":{"start":{"line":9,"column":11},"end":{"line":9,"column":17}},"loc":{"start":{"line":9,"column":17},"end":{"line":9,"column":null}},"line":9}},"branchMap":{"0":{"loc":{"start":{"line":13,"column":18},"end":{"line":13,"column":null}},"type":"cond-expr","locations":[{"start":{"line":13,"column":34},"end":{"line":13,"column":75}},{"start":{"line":13,"column":75},"end":{"line":13,"column":null}}],"line":13},"1":{"loc":{"start":{"line":21,"column":21},"end":{"line":21,"column":null}},"type":"cond-expr","locations":[{"start":{"line":21,"column":37},"end":{"line":21,"column":90}},{"start":{"line":21,"column":90},"end":{"line":21,"column":null}}],"line":21}},"s":{"0":2,"1":16,"2":16,"3":10,"4":3,"5":10,"6":10,"7":10,"8":16,"9":16,"10":16,"11":16,"12":16,"13":16,"14":16,"15":16},"f":{"0":16,"1":10,"2":3,"3":10},"b":{"0":[14,2],"1":[14,2]},"meta":{"lastBranch":2,"lastFunction":4,"lastStatement":16,"seen":{"s:3:28:33:Infinity":0,"f:3:28:3:34":0,"s:4:34:4:Infinity":1,"s:6:2:10:Infinity":2,"f:6:12:6:18":1,"s:7:25:7:Infinity":3,"f:7:25:7:31":2,"s:7:31:7:Infinity":4,"s:8:4:8:Infinity":5,"s:9:4:9:Infinity":6,"f:9:11:9:17":3,"s:9:17:9:Infinity":7,"s:12:24:12:Infinity":8,"s:13:18:13:Infinity":9,"b:13:34:13:75:13:75:13:Infinity":0,"s:16:18:16:Infinity":10,"s:17:21:17:Infinity":11,"s:18:19:18:Infinity":12,"s:19:20:19:Infinity":13,"s:21:21:21:Infinity":14,"b:21:37:21:90:21:90:21:Infinity":1,"s:23:2:32:Infinity":15}}}
,"/Users/chriskang/Documents/03_Project/gemini_slop/dog_walker/src/store/useGameStore.ts": {"path":"/Users/chriskang/Documents/03_Project/gemini_slop/dog_walker/src/store/useGameStore.ts","statementMap":{"0":{"start":{"line":26,"column":31},"end":{"line":33,"column":null}},"1":{"start":{"line":35,"column":34},"end":{"line":51,"column":null}},"2":{"start":{"line":36,"column":2},"end":{"line":36,"column":null}},"3":{"start":{"line":36,"column":36},"end":{"line":36,"column":null}},"4":{"start":{"line":37,"column":2},"end":{"line":37,"column":null}},"5":{"start":{"line":37,"column":24},"end":{"line":37,"column":null}},"6":{"start":{"line":39,"column":15},"end":{"line":39,"column":null}},"7":{"start":{"line":40,"column":15},"end":{"line":40,"column":null}},"8":{"start":{"line":42,"column":2},"end":{"line":42,"column":null}},"9":{"start":{"line":42,"column":34},"end":{"line":42,"column":null}},"10":{"start":{"line":44,"column":15},"end":{"line":44,"column":null}},"11":{"start":{"line":45,"column":19},"end":{"line":45,"column":null}},"12":{"start":{"line":47,"column":2},"end":{"line":47,"column":null}},"13":{"start":{"line":47,"column":22},"end":{"line":47,"column":null}},"14":{"start":{"line":48,"column":2},"end":{"line":48,"column":null}},"15":{"start":{"line":48,"column":22},"end":{"line":48,"column":null}},"16":{"start":{"line":49,"column":2},"end":{"line":49,"column":null}},"17":{"start":{"line":49,"column":22},"end":{"line":49,"column":null}},"18":{"start":{"line":50,"column":2},"end":{"line":50,"column":null}},"19":{"start":{"line":101,"column":29},"end":{"line":141,"column":null}},"20":{"start":{"line":106,"column":15},"end":{"line":106,"column":null}},"21":{"start":{"line":107,"column":31},"end":{"line":107,"column":null}},"22":{"start":{"line":110,"column":2},"end":{"line":110,"column":null}},"23":{"start":{"line":111,"column":2},"end":{"line":111,"column":null}},"24":{"start":{"line":112,"column":2},"end":{"line":112,"column":null}},"25":{"start":{"line":113,"column":2},"end":{"line":113,"column":null}},"26":{"start":{"line":114,"column":2},"end":{"line":114,"column":null}},"27":{"start":{"line":115,"column":2},"end":{"line":115,"column":null}},"28":{"start":{"line":118,"column":2},"end":{"line":128,"column":null}},"29":{"start":{"line":119,"column":18},"end":{"line":119,"column":null}},"30":{"start":{"line":119,"column":35},"end":{"line":119,"column":46}},"31":{"start":{"line":120,"column":4},"end":{"line":127,"column":null}},"32":{"start":{"line":121,"column":6},"end":{"line":121,"column":null}},"33":{"start":{"line":122,"column":6},"end":{"line":122,"column":null}},"34":{"start":{"line":123,"column":6},"end":{"line":123,"column":null}},"35":{"start":{"line":124,"column":6},"end":{"line":124,"column":null}},"36":{"start":{"line":125,"column":6},"end":{"line":125,"column":null}},"37":{"start":{"line":126,"column":6},"end":{"line":126,"column":null}},"38":{"start":{"line":131,"column":33},"end":{"line":138,"column":null}},"39":{"start":{"line":140,"column":2},"end":{"line":140,"column":null}},"40":{"start":{"line":143,"column":27},"end":{"line":181,"column":null}},"41":{"start":{"line":183,"column":13},"end":{"line":367,"column":null}},"42":{"start":{"line":185,"column":19},"end":{"line":345,"column":null}},"43":{"start":{"line":200,"column":47},"end":{"line":200,"column":null}},"44":{"start":{"line":201,"column":31},"end":{"line":201,"column":null}},"45":{"start":{"line":202,"column":8},"end":{"line":202,"column":null}},"46":{"start":{"line":206,"column":8},"end":{"line":208,"column":null}},"47":{"start":{"line":207,"column":10},"end":{"line":207,"column":null}},"48":{"start":{"line":209,"column":8},"end":{"line":211,"column":null}},"49":{"start":{"line":210,"column":10},"end":{"line":210,"column":null}},"50":{"start":{"line":212,"column":8},"end":{"line":212,"column":null}},"51":{"start":{"line":214,"column":33},"end":{"line":214,"column":null}},"52":{"start":{"line":215,"column":35},"end":{"line":215,"column":null}},"53":{"start":{"line":216,"column":39},"end":{"line":216,"column":null}},"54":{"start":{"line":218,"column":45},"end":{"line":218,"column":null}},"55":{"start":{"line":219,"column":26},"end":{"line":219,"column":null}},"56":{"start":{"line":220,"column":8},"end":{"line":220,"column":null}},"57":{"start":{"line":220,"column":33},"end":{"line":220,"column":null}},"58":{"start":{"line":221,"column":8},"end":{"line":221,"column":null}},"59":{"start":{"line":223,"column":33},"end":{"line":223,"column":null}},"60":{"start":{"line":224,"column":35},"end":{"line":224,"column":null}},"61":{"start":{"line":225,"column":47},"end":{"line":225,"column":null}},"62":{"start":{"line":226,"column":53},"end":{"line":226,"column":null}},"63":{"start":{"line":227,"column":36},"end":{"line":227,"column":null}},"64":{"start":{"line":227,"column":52},"end":{"line":227,"column":104}},"65":{"start":{"line":228,"column":33},"end":{"line":228,"column":null}},"66":{"start":{"line":228,"column":49},"end":{"line":228,"column":95}},"67":{"start":{"line":230,"column":35},"end":{"line":257,"column":null}},"68":{"start":{"line":231,"column":27},"end":{"line":231,"column":null}},"69":{"start":{"line":232,"column":27},"end":{"line":232,"column":null}},"70":{"start":{"line":233,"column":24},"end":{"line":233,"column":null}},"71":{"start":{"line":234,"column":27},"end":{"line":234,"column":null}},"72":{"start":{"line":236,"column":30},"end":{"line":236,"column":null}},"73":{"start":{"line":237,"column":8},"end":{"line":237,"column":null}},"74":{"start":{"line":237,"column":22},"end":{"line":237,"column":null}},"75":{"start":{"line":239,"column":24},"end":{"line":239,"column":null}},"76":{"start":{"line":240,"column":23},"end":{"line":240,"column":null}},"77":{"start":{"line":240,"column":50},"end":{"line":240,"column":78}},"78":{"start":{"line":240,"column":95},"end":{"line":240,"column":106}},"79":{"start":{"line":241,"column":31},"end":{"line":241,"column":null}},"80":{"start":{"line":243,"column":31},"end":{"line":243,"column":null}},"81":{"start":{"line":245,"column":8},"end":{"line":256,"column":null}},"82":{"start":{"line":259,"column":39},"end":{"line":259,"column":null}},"83":{"start":{"line":262,"column":132},"end":{"line":262,"column":null}},"84":{"start":{"line":263,"column":25},"end":{"line":263,"column":null}},"85":{"start":{"line":264,"column":26},"end":{"line":264,"column":null}},"86":{"start":{"line":265,"column":24},"end":{"line":265,"column":null}
[...]
6:25:36:43":5,"s:36:43:36:Infinity":21,"s:38:23:38:Infinity":22,"b:39:4:43:Infinity:undefined:undefined:undefined:undefined":6,"s:39:4:43:Infinity":23,"s:40:6:40:Infinity":24,"b:41:6:41:Infinity:undefined:undefined:undefined:undefined":7,"s:41:6:41:Infinity":25,"b:41:10:41:29:41:29:41:46":8,"s:41:46:41:Infinity":26,"s:42:6:42:Infinity":27,"s:45:20:45:Infinity":28,"s:46:4:46:Infinity":29,"s:50:2:94:Infinity":30,"f:50:12:50:18":3,"s:51:4:51:Infinity":31,"s:52:4:52:Infinity":32,"s:54:23:63:Infinity":33,"s:65:4:87:Infinity":34,"f:65:23:65:31":4,"s:66:6:86:Infinity":35,"f:66:42:66:43":5,"s:67:8:67:Infinity":36,"b:70:8:75:Infinity:undefined:undefined:undefined:undefined":9,"s:70:8:75:Infinity":37,"s:71:10:71:Infinity":38,"s:72:10:72:Infinity":39,"s:73:10:73:Infinity":40,"s:74:10:74:Infinity":41,"b:76:8:80:Infinity:undefined:undefined:undefined:undefined":10,"s:76:8:80:Infinity":42,"s:77:10:77:Infinity":43,"s:78:10:78:Infinity":44,"s:79:10:79:Infinity":45,"b:81:8:85:Infinity:undefined:undefined:undefined:undefined":11,"s:81:8:85:Infinity":46,"s:82:10:82:Infinity":47,"s:83:10:83:Infinity":48,"s:84:10:84:Infinity":49,"s:89:4:93:Infinity":50,"f:89:11:89:17":6,"s:90:6:90:Infinity":51,"s:92:6:92:Infinity":52,"f:92:79:92:84":7,"s:92:84:92:93":53,"s:99:2:101:Infinity":54,"f:99:12:99:18":8,"b:100:4:100:Infinity:undefined:undefined:undefined:undefined":12,"s:100:4:100:Infinity":55,"s:100:38:100:Infinity":56,"s:104:2:106:Infinity":57,"f:104:12:104:18":9,"b:105:4:105:Infinity:undefined:undefined:undefined:undefined":13,"s:105:4:105:Infinity":58,"s:105:42:105:Infinity":59,"s:109:8:109:Infinity":60,"s:110:2:115:Infinity":61,"f:110:12:110:18":10,"b:111:4:114:Infinity:undefined:undefined:undefined:undefined":14,"s:111:4:114:Infinity":62,"s:112:6:112:Infinity":63,"s:113:6:113:Infinity":64,"s:118:8:118:Infinity":65,"s:119:2:132:Infinity":66,"f:119:12:119:18":11,"b:121:4:124:Infinity:undefined:undefined:undefined:undefined":15,"s:121:4:124:Infinity":67,"b:121:9:121:54:121:54:121:Infinity:122:9:122:43:122:43:122:75":16,"s:123:7:123:Infinity":68,"b:127:4:129:Infinity:undefined:undefined:undefined:undefined":17,"s:127:4:129:Infinity":69,"b:127:8:127:40:127:40:127:61":18,"s:128:6:128:Infinity":70,"s:131:4:131:Infinity":71,"s:135:2:160:Infinity":72,"f:135:11:135:12":12,"b:137:4:147:Infinity:undefined:undefined:undefined:undefined":19,"s:137:4:147:Infinity":73,"b:137:8:137:30:137:30:137:57":20,"b:138:6:146:Infinity:143:6:146:Infinity":21,"s:138:6:146:Infinity":74,"b:139:8:139:Infinity:undefined:undefined:undefined:undefined":22,"s:139:8:139:Infinity":75,"s:139:43:139:Infinity":76,"s:140:14:140:Infinity":77,"s:141:8:141:Infinity":78,"s:142:8:142:Infinity":79,"b:143:6:146:Infinity:undefined:undefined:undefined:undefined":23,"s:143:6:146:Infinity":80,"s:144:8:144:Infinity":81,"b:145:8:145:Infinity:undefined:undefined:undefined:undefined":24,"s:145:8:145:Infinity":82,"s:145:49:145:Infinity":83,"b:150:4:159:Infinity:153:4:159:Infinity":25,"s:150:4:159:Infinity":84,"s:151:6:151:Infinity":85,"s:152:6:152:Infinity":86,"b:153:4:159:Infinity:156:11:159:Infinity":26,"s:153:4:159:Infinity":87,"s:154:6:154:Infinity":88,"s:155:6:155:Infinity":89,"s:157:6:157:Infinity":90,"s:158:6:158:Infinity":91,"s:162:2:162:Infinity":92}}}
,"/Users/chriskang/Documents/03_Project/gemini_slop/dog_walker/src/systems/physics/useLeash.ts": {"path":"/Users/chriskang/Documents/03_Project/gemini_slop/dog_walker/src/systems/physics/useLeash.ts","statementMap":{"0":{"start":{"line":6,"column":24},"end":{"line":103,"column":null}},"1":{"start":{"line":7,"column":8},"end":{"line":7,"column":null}},"2":{"start":{"line":7,"column":80},"end":{"line":7,"column":119}},"3":{"start":{"line":8,"column":8},"end":{"line":8,"column":null}},"4":{"start":{"line":8,"column":83},"end":{"line":8,"column":122}},"5":{"start":{"line":9,"column":8},"end":{"line":9,"column":null}},"6":{"start":{"line":11,"column":17},"end":{"line":96,"column":null}},"7":{"start":{"line":19,"column":4},"end":{"line":22,"column":null}},"8":{"start":{"line":20,"column":6},"end":{"line":20,"column":null}},"9":{"start":{"line":21,"column":6},"end":{"line":21,"column":null}},"10":{"start":{"line":21,"column":36},"end":{"line":21,"column":null}},"11":{"start":{"line":24,"column":14},"end":{"line":24,"column":null}},"12":{"start":{"line":25,"column":15},"end":{"line":25,"column":null}},"13":{"start":{"line":28,"column":4},"end":{"line":36,"column":null}},"14":{"start":{"line":28,"column":17},"end":{"line":28,"column":20}},"15":{"start":{"line":29,"column":12},"end":{"line":29,"column":null}},"16":{"start":{"line":30,"column":12},"end":{"line":30,"column":null}},"17":{"start":{"line":31,"column":12},"end":{"line":31,"column":null}},"18":{"start":{"line":32,"column":6},"end":{"line":32,"column":null}},"19":{"start":{"line":33,"column":6},"end":{"line":33,"column":null}},"20":{"start":{"line":34,"column":6},"end":{"line":34,"column":null}},"21":{"start":{"line":35,"column":6},"end":{"line":35,"column":null}},"22":{"start":{"line":39,"column":20},"end":{"line":39,"column":null}},"23":{"start":{"line":42,"column":25},"end":{"line":42,"column":null}},"24":{"start":{"line":43,"column":4},"end":{"line":43,"column":null}},"25":{"start":{"line":44,"column":20},"end":{"line":44,"column":null}},"26":{"start":{"line":47,"column":20},"end":{"line":47,"column":null}},"27":{"start":{"line":48,"column":4},"end":{"line":55,"column":null}},"28":{"start":{"line":49,"column":23},"end":{"line":49,"column":null}},"29":{"start":{"line":50,"column":23},"end":{"line":50,"column":null}},"30":{"start":{"line":51,"column":6},"end":{"line":51,"column":null}},"31":{"start":{"line":52,"column":6},"end":{"line":52,"column":null}},"32":{"start":{"line":54,"column":6},"end":{"line":54,"column":null}},"33":{"start":{"line":57,"column":4},"end":{"line":57,"column":null}},"34":{"start":{"line":58,"column":4},"end":{"line":58,"column":null}},"35":{"start":{"line":61,"column":26},"end":{"line":61,"column":null}},"36":{"start":{"line":62,"column":33},"end":{"line":62,"column":null}},"37":{"start":{"line":65,"column":4},"end":{"line":84,"column":null}},"38":{"start":{"line":65,"column":17},"end":{"line":65,"column":20}},"39":{"start":{"line":66,"column":6},"end":{"line":77,"column":null}},"40":{"start":{"line":66,"column":19},"end":{"line":66,"column":22}},"41":{"start":{"line":67,"column":19},"end":{"line":67,"column":null}},"42":{"start":{"line":68,"column":19},"end":{"line":68,"column":null}},"43":{"start":{"line":69,"column":21},"end":{"line":69,"column":null}},"44":{"start":{"line":70,"column":18},"end":{"line":70,"column":null}},"45":{"start":{"line":71,"column":8},"end":{"line":76,"column":null}},"46":{"start":{"line":72,"column":16},"end":{"line":72,"column":null}},"47":{"start":{"line":73,"column":29},"end":{"line":73,"column":null}},"48":{"start":{"line":74,"column":10},"end":{"line":74,"column":null}},"49":{"start":{"line":74,"column":21},"end":{"line":74,"column":null}},"50":{"start":{"line":75,"column":10},"end":{"line":75,"column":null}},"51":{"start":{"line":75,"column":39},"end":{"line":75,"column":null}},"52":{"start":{"line":79,"column":6},"end":{"line":81,"column":null}},"53":{"start":{"line":79,"column":19},"end":{"line":79,"column":22}},"54":{"start":{"line":80,"column":8},"end":{"line":80,"column":null}},"55":{"start":{"line":80,"column":27},"end":{"line":80,"column":null}},"56":{"start":{"line":82,"column":6},"end":{"line":82,"column":null}},"57":{"start":{"line":83,"column":6},"end":{"line":83,"column":null}},"58":{"start":{"line":86,"column":23},"end":{"line":86,"column":null}},"59":{"start":{"line":87,"column":14},"end":{"line":87,"column":null}},"60":{"start":{"line":90,"column":22},"end":{"line":90,"column":null}},"61":{"start":{"line":91,"column":4},"end":{"line":93,"column":null}},"62":{"start":{"line":92,"column":6},"end":{"line":92,"column":null}},"63":{"start":{"line":95,"column":4},"end":{"line":95,"column":null}},"64":{"start":{"line":98,"column":19},"end":{"line":100,"column":null}},"65":{"start":{"line":99,"column":4},"end":{"line":99,"column":null}},"66":{"start":{"line":102,"column":2},"end":{"line":102,"column":null}}},"fnMap":{"0":{"name":"(anonymous_0)","decl":{"start":{"line":6,"column":24},"end":{"line":6,"column":30}},"loc":{"start":{"line":6,"column":30},"end":{"line":103,"column":null}},"line":6},"1":{"name":"(anonymous_1)","decl":{"start":{"line":7,"column":70},"end":{"line":7,"column":71}},"loc":{"start":{"line":7,"column":80},"end":{"line":7,"column":119}},"line":7},"2":{"name":"(anonymous_2)","decl":{"start":{"line":8,"column":73},"end":{"line":8,"column":74}},"loc":{"start":{"line":8,"column":83},"end":{"line":8,"column":122}},"line":8},"3":{"name":"(anonymous_3)","decl":{"start":{"line":11,"column":17},"end":{"line":11,"column":null}},"loc":{"start":{"line":18,"column":7},"end":{"line":96,"column":null}},"line":18},"4":{"name":"(anonymous_4)","decl":{"start":{"line":98,"column":19},"end":{"line":98,"column":25}},"loc":{"start":{"line":98,"column":25},"end":{"line":100,"column":null}},"line":98}},"branchMap":{"0":{"loc":{"start":{"line":17,"column":4},"end":{"line":17,"column":null}},"type":"default-arg","locations":[{"start":{"line":17,"column":30},"end":{"line":17,"column":null}}],"line":17},"1":{"loc":{"start":{"line":19,"column":4},"end":{"line":22,"column":null}},"type":"if","locations":[{"start":{"line":19,"column":4},"end":{"line":22,"column":null}},{"start":{},"end":{}}],"line":19},"2":{"loc":{"start":{"line":21,"column":6},"end":{"line":21,"column":null}},"type":"if","locations":[{"start":{"line":21,"column":6},"end":{"line":21,"column":null}},{"start":{},"end":{}}],"line":21},"3":{"loc":{"start":{"line":48,"column":4},"end":{"line":55,"column":null}},"type":"if","locations":[{"start":{"line":48,"column":4},"end":{"line":55,"column":null}},{"start":{},"end":{}}],"line":48},"4":{"loc":{"start":{"line":71,"column":8},"end":{"line":76,"column":null}},"type":"if","locations":[{"start":{"line":71,"column":8},"end":{"line":76,"column":null}},{"start":{},"end":{}}],"line":71},"5":{"loc":{"start":{"line":74,"column":10},"end":{"line":74,"column":null}},"type":"if","locations":[{"start":{"line":74,"column":10},"end":{"line":74,"column":null}},{"start":{},"end":{}}],"line":74},"6":{"loc":{"start":{"line":75,"column":10},"end":{"line":75,"column":null}},"type":"if","locations":[{"start":{"line":75,"column":10},"end":{"line":75,"column":null}},{"start":{},"end":{}}],"line":75},"7":{"loc":{"start":{"line":80,"column":8},"end":{"line":80,"column":null}},"type":"if","locations":[{"start":{"line":80,"column":8},"end":{"line":80,"column":null}},{"start":{},"end":{}}],"line":80},"8":{"loc":{"start":{"line":91,"column":4},"end":{"line":93,"column":null}},"type":"if","locations":[{"start":{"line":91,"column":4},"end":{"line":93,"column":null}},{"start":{},"end":{}}],"line":91}},"s":{"0":1,"1":7,"2":420,"3":7,"4":420,"5":7,"6":7,"7":10,"8":2,"9":2,"10":0,"11":10,"12":10,"13":10,"14":10,"15":580,"16":580,"17":580,"18":580,"19":580,"20":580,"21":580,"22":10,"23":10,"24":10,"25":10,"26":10,"27":10,"28":1,"29":1,"30":1,"31":1,"32":1,"33":10,"34":10,"35":10,"36":10,"37":10,"38":10,"39":250,"40":250,"41":14750,"42":14750,"43":14750,"44":14750,"45":14750,"46":13304,"47":13304,"48":13304,"49":13079,"50":13304,"51":13079,"52":250,"53":250,"54":14500,"55":1736,"56":250,"57":250,"58":10,"59":10,"60":10,"61":10,"62":3,"63":10,"64":7,"65":1,"66":7},"f":{"0":7,"1":420,"2":420,"3":10,"4":1},"b":{"0":[10],"1":[2,8],"2":[0,2],"3":[1,9],"4":[13304,1446],"5":[13079,225],"6":[13079,225],"7":[1736,12764],"8":[3,7]},"meta":{"lastBranch":9,"lastFunction":5,"lastStatement":67,"seen":{"s:6:24:103:Infinity":0,"f:6:24:6:30":0,"s:7:8:7:Infinity":1,"f:7:70:7:71":1,"s:7:80:7:119":2,"s:8:8:8:Infinity":3,"f:8:73:8:74":2,"s:8:83:8:122":4,"s:9:8:9:Infinity":5,"s:11:17:96:Infinity":6,"f:11:17:11:Infinity":3,"b:17:30:17:Infinity":0,"b:19:4:22:Infinity:undefined:undefined:undefined:undefined":1,"s:19:4:22:Infinity":7,"s:20:6:20:Infinity":8,"b:21:6:21:Infinity:undefined:undefined:undefined:undefined":2,"s:21:6:21:Infinity":9,"s:21:36:21:Infinity":10,"s:24:14:24:Infinity":11,"s:25:15:25:Infinity":12,"s:28:4:36:Infinity":13,"s:28:17:28:20":14,"s:29:12:29:Infinity":15,"s:30:12:30:Infinity":16,"s:31:12:31:Infinity":17,"s:32:6:32:Infinity":18,"s:33:6:33:Infinity":19,"s:34:6:34:Infinity":20,"s:35:6:35:Infinity":21,"s:39:20:39:Infinity":22,"s:42:25:42:Infinity":23,"s:43:4:43:Infinity":24,"s:44:20:44:Infinity":25,"s:47:20:47:Infinity":26,"b:48:4:55:Infinity:undefined:undefined:undefined:undefined":3,"s:48:4:55:Infinity":27,"s:49:23:49:Infinity":28,"s:50:23:50:Infinity":29,"s:51:6:51:Infinity":30,"s:52:6:52:Infinity":31,"s:54:6:54:Infinity":32,"s:57:4:57:Infinity":33,"s:58:4:58:Infinity":34,"s:61:26:61:Infinity":35,"s:62:33:62:Infinity":36,"s:65:4:84:Infinity":37,"s:65:17:65:20":38,"s:66:6:77:Infinity":39,"s:66:19:66:22":40,"s:67:19:67:Infinity":41,"s:68:19:68:Infinity":42,"s:69:21:69:Infinity":43,"s:70:18:70:Infinity":44,"b:71:8:76:Infinity:undefined:undefined:undefined:undefined":4,"s:71:8:76:Infinity":45,"s:72:16:72:Infinity":46,"s:73:29:73:Infinity":47,"b:74:10:74:Infinity:undefined:undefined:undefined:undefined":5,"s:74:10:74:Infinity":48,"s:74:21:74:Infinity":49,"b:75:10:75:Infinity:undefined:undefined:undefined:undefined":6,"s:75:10:75:Infinity":50,"s:75:39:75:Infinity":51,"s:79:6:81:Infinity":52,"s:79:19:79:22":53,"b:80:8:80:Infinity:undefined:undefined:undefined:undefined":7,"s:80:8:80:Infinity":54,"s:80:27:80:Infinity":55,"s:82:6:82:Infinity":56,"s:83:6:83:Infinity":57,"s:86:23:86:Infinity":58,"s:87:14:87:Infinity":59,"s:90:22:90:Infinity":60,"b:91:4:93:Infinity:undefined:undefined:undefined:undefined":8,"s:91:4:93:Infinity":61,"s:92:6:92:Infinity":62,"s:95:4:95:Infinity":63,"s:98:19:100:Infinity":64,"f:98:19:98:25":4,"s:99:4:99:Infinity":65,"s:102:2:102:Infinity":66}}}
,"/Users/chriskang/Documents/03_Project/gemini_slop/dog_walker/src/systems/physics/useMenuCamera.ts": {"path":"/Users/chriskang/Documents/03_Project/gemini_slop/dog_walker/src/systems/physics/useMenuCamera.ts","statementMap":{"0":{"start":{"line":8,"column":29},"end":{"line":57,"column":null}},"1":{"start":{"line":9,"column":23},"end":{"line":9,"column":null}},"2":{"start":{"line":11,"column":8},"end":{"line":11,"column":null}},"3":{"start":{"line":12,"column":8},"end":{"line":12,"column":null}},"4":{"start":{"line":13,"column":8},"end":{"line":13,"column":null}},"5":{"start":{"line":15,"column":2},"end":{"line":56,"column":null}},"6":{"start":{"line":16,"column":55},"end":{"line":16,"column":null}},"7":{"start":{"line":17,"column":4},"end":{"line":17,"column":null}},"8":{"start":{"line":17,"column":38},"end":{"line":17,"column":null}},"9":{"start":{"line":19,"column":19},"end":{"line":19,"column":null}},"10":{"start":{"line":20,"column":19},"end":{"line":20,"column":null}},"11":{"start":{"line":23,"column":18},"end":{"line":23,"column":null}},"12":{"start":{"line":24,"column":4},"end":{"line":26,"column":null}},"13":{"start":{"line":25,"column":6},"end":{"line":25,"column":null}},"14":{"start":{"line":28,"column":4},"end":{"line":28,"column":null}},"15":{"start":{"line":29,"column":4},"end":{"line":29,"column":null}},"16":{"start":{"line":32,"column":17},"end":{"line":32,"column":null}},"17":{"start":{"line":33,"column":4},"end":{"line":37,"column":null}},"18":{"start":{"line":34,"column":6},"end":{"line":34,"column":null}},"19":{"start":{"line":36,"column":6},"end":{"line":36,"column":null}},"20":{"start":{"line":40,"column":26},"end":{"line":40,"column":null}},"21":{"start":{"line":41,"column":4},"end":{"line":41,"column":null}},"22":{"start":{"line":42,"column":4},"end":{"line":42,"column":null}},"23":{"start":{"line":43,"column":4},"end":{"line":43,"column":null}},"24":{"start":{"line":45,"column":22},"end":{"line":45,"column":null}},"25":{"start":{"line":46,"column":4},"end":{"line":50,"column":null}},"26":{"start":{"line":47,"column":6},"end":{"line":47,"column":null}},"27":{"start":{"line":49,"column":6},"end":{"line":49,"column":null}},"28":{"start":{"line":53,"column":4},"end":{"line":55,"column":null}},"29":{"start":{"line":54,"column":6},"end":{"line":54,"column":null}}},"fnMap":{"0":{"name":"(anonymous_0)","decl":{"start":{"line":8,"column":29},"end":{"line":8,"column":35}},"loc":{"start":{"line":8,"column":35},"end":{"line":57,"column":null}},"line":8},"1":{"name":"(anonymous_1)","decl":{"start":{"line":15,"column":11},"end":{"line":15,"column":12}},"loc":{"start":{"line":15,"column":25},"end":{"line":56,"column":3}},"line":15}},"branchMap":{"0":{"loc":{"start":{"line":17,"column":4},"end":{"line":17,"column":null}},"type":"if","locations":[{"start":{"line":17,"column":4},"end":{"line":17,"column":null}},{"start":{},"end":{}}],"line":17},"1":{"loc":{"start":{"line":19,"column":19},"end":{"line":19,"column":null}},"type":"binary-expr","locations":[{"start":{"line":19,"column":19},"end":{"line":19,"column":48}},{"start":{"line":19,"column":48},"end":{"line":19,"column":null}}],"line":19},"2":{"loc":{"start":{"line":24,"column":4},"end":{"line":26,"column":null}},"type":"if","locations":[{"start":{"line":24,"column":4},"end":{"line":26,"column":null}},{"start":{},"end":{}}],"line":24},"3":{"loc":{"start":{"line":24,"column":8},"end":{"line":24,"column":58}},"type":"binary-expr","locations":[{"start":{"line":24,"column":8},"end":{"line":24,"column":44}},{"start":{"line":24,"column":44},"end":{"line":24,"column":58}}],"line":24},"4":{"loc":{"start":{"line":33,"column":4},"end":{"line":37,"column":null}},"type":"if","locations":[{"start":{"line":33,"column":4},"end":{"line":37,"column":null}},{"start":{"line":35,"column":11},"end":{"line":37,"column":null}}],"line":33},"5":{"loc":{"start":{"line":46,"column":4},"end":{"line":50,"column":null}},"type":"if","locations":[{"start":{"line":46,"column":4},"end":{"line":50,"column":null}},{"start":{"line":48,"column":11},"end":{"line":50,"column":null}}],"line":46},"6":{"loc":{"start":{"line":53,"column":4},"end":{"line":55,"column":null}},"type":"if","locations":[{"start":{"line":53,"column":4},"end":{"line":55,"column":null}},{"start":{},"end":{}}],"line":53},"7":{"loc":{"start":{"line":53,"column":8},"end":{"line":53,"column":59}},"type":"binary-expr","locations":[{"start":{"line":53,"column":8},"end":{"line":53,"column":24}},{"start":{"line":53,"column":24},"end":{"line":53,"column":45}},{"start":{"line":53,"column":45},"end":{"line":53,"column":59}}],"line":53}},"s":{"0":1,"1":2,"2":2,"3":2,"4":2,"5":2,"6":2,"7":2,"8":0,"9":2,"10":2,"11":2,"12":2,"13":2,"14":2,"15":2,"16":2,"17":2,"18":2,"19":0,"20":2,"21":2,"22":2,"23":2,"24":2,"25":2,"26":2,"27":0,"28":2,"29":0},"f":{"0":2,"1":2},"b":{"0":[0,2],"1":[2,0],"2":[2,0],"3":[2,2],"4":[2,0],"5":[2,0],"6":[0,2],"7":[2,0,0]},"meta":{"lastBranch":8,"lastFunction":2,"lastStatement":30,"seen":{"s:8:29:57:Infinity":0,"f:8:29:8:35":0,"s:9:23:9:Infinity":1,"s:11:8:11:Infinity":2,"s:12:8:12:Infinity":3,"s:13:8:13:Infinity":4,"s:15:2:56:Infinity":5,"f:15:11:15:12":1,"s:16:55:16:Infinity":6,"b:17:4:17:Infinity:undefined:undefined:undefined:undefined":0,"s:17:4:17:Infinity":7,"s:17:38:17:Infinity":8,"s:19:19:19:Infinity":9,"b:19:19:19:48:19:48:19:Infinity":1,"s:20:19:20:Infinity":10,"s:23:18:23:Infinity":11,"b:24:4:26:Infinity:undefined:undefined:undefined:undefined":2,"s:24:4:26:Infinity":12,"b:24:8:24:44:24:44:24:58":3,"s:25:6:25:Infinity":13,"s:28:4:28:Infinity":14,"s:29:4:29:Infinity":15,"s:32:17:32:Infinity":16,"b:33:4:37:Infinity:35:11:37:Infinity":4,"s:33:4:37:Infinity":17,"s:34:6:34:Infinity":18,"s:36:6:36:Infinity":19,"s:40:26:40:Infinity":20,"s:41:4:41:Infinity":21,"s:42:4:42:Infinity":22,"s:43:4:43:Infinity":23,"s:45:22:45:Infinity":24,"b:46:4:50:Infinity:48:11:50:Infinity":5,"s:46:4:50:Infinity":25,"s:47:6:47:Infinity":26,"s:49:6:49:Infinity":27,"b:53:4:55:Infinity:undefined:undefined:undefined:undefined":6,"s:53:4:55:Infinity":28,"b:53:8:53:24:53:24:53:45:53:45:53:59":7,"s:54:6:54:Infinity":29}}}
}
